[Sat Aug 25 16:57:19.590000 2018] [ssl:warn] [pid 8532:tid 292] AH01909: www.example.com:443:0 server certificate does NOT include an ID which matches the server name
[Sat Aug 25 16:57:19.699200 2018] [ssl:warn] [pid 8532:tid 292] AH01909: www.example.com:443:0 server certificate does NOT include an ID which matches the server name
[Sat Aug 25 16:57:19.777200 2018] [mpm_winnt:notice] [pid 8532:tid 292] AH00455: Apache/2.4.34 (Win32) OpenSSL/1.1.0h PHP/7.2.8 configured -- resuming normal operations
[Sat Aug 25 16:57:19.777200 2018] [mpm_winnt:notice] [pid 8532:tid 292] AH00456: Apache Lounge VC15 Server built: Jul 11 2018 12:13:24
[Sat Aug 25 16:57:19.777200 2018] [core:notice] [pid 8532:tid 292] AH00094: Command line: 'c:\\apps\\xampp\\apache\\bin\\httpd.exe -d C:/Apps/xampp/apache'
[Sat Aug 25 16:57:19.777200 2018] [mpm_winnt:notice] [pid 8532:tid 292] AH00418: Parent: Created child process 12440
[Sat Aug 25 16:57:21.041802 2018] [ssl:warn] [pid 12440:tid 304] AH01909: www.example.com:443:0 server certificate does NOT include an ID which matches the server name
[Sat Aug 25 16:57:21.135402 2018] [ssl:warn] [pid 12440:tid 304] AH01909: www.example.com:443:0 server certificate does NOT include an ID which matches the server name
[Sat Aug 25 16:57:21.197802 2018] [mpm_winnt:notice] [pid 12440:tid 304] AH00354: Child: Starting 150 worker threads.
[Sat Aug 25 16:58:20.113387 2018] [php7:warn] [pid 12440:tid 1580] [client ::1:49190] PHP Warning:  Use of undefined constant DB_USER - assumed 'DB_USER' (this will throw an Error in a future version of PHP) in C:\\Apps\\xampp\\htdocs\\wp-includes\\load.php on line 404
[Sat Aug 25 16:58:20.113387 2018] [php7:warn] [pid 12440:tid 1580] [client ::1:49190] PHP Warning:  Use of undefined constant DB_PASSWORD - assumed 'DB_PASSWORD' (this will throw an Error in a future version of PHP) in C:\\Apps\\xampp\\htdocs\\wp-includes\\load.php on line 404
[Sat Aug 25 16:58:20.113387 2018] [php7:warn] [pid 12440:tid 1580] [client ::1:49190] PHP Warning:  Use of undefined constant DB_NAME - assumed 'DB_NAME' (this will throw an Error in a future version of PHP) in C:\\Apps\\xampp\\htdocs\\wp-includes\\load.php on line 404
[Sat Aug 25 16:58:20.113387 2018] [php7:warn] [pid 12440:tid 1580] [client ::1:49190] PHP Warning:  Use of undefined constant DB_HOST - assumed 'DB_HOST' (this will throw an Error in a future version of PHP) in C:\\Apps\\xampp\\htdocs\\wp-includes\\load.php on line 404
[Sat Aug 25 16:59:33.614150 2018] [php7:warn] [pid 12440:tid 1564] [client ::1:49245] PHP Warning:  Use of undefined constant DB_USER - assumed 'DB_USER' (this will throw an Error in a future version of PHP) in C:\\Apps\\xampp\\htdocs\\wp-includes\\load.php on line 404, referer: http://localhost/wp-admin/setup-config.php
[Sat Aug 25 16:59:33.614150 2018] [php7:warn] [pid 12440:tid 1564] [client ::1:49245] PHP Warning:  Use of undefined constant DB_PASSWORD - assumed 'DB_PASSWORD' (this will throw an Error in a future version of PHP) in C:\\Apps\\xampp\\htdocs\\wp-includes\\load.php on line 404, referer: http://localhost/wp-admin/setup-config.php
[Sat Aug 25 16:59:33.614150 2018] [php7:warn] [pid 12440:tid 1564] [client ::1:49245] PHP Warning:  Use of undefined constant DB_NAME - assumed 'DB_NAME' (this will throw an Error in a future version of PHP) in C:\\Apps\\xampp\\htdocs\\wp-includes\\load.php on line 404, referer: http://localhost/wp-admin/setup-config.php
[Sat Aug 25 16:59:33.615150 2018] [php7:warn] [pid 12440:tid 1564] [client ::1:49245] PHP Warning:  Use of undefined constant DB_HOST - assumed 'DB_HOST' (this will throw an Error in a future version of PHP) in C:\\Apps\\xampp\\htdocs\\wp-includes\\load.php on line 404, referer: http://localhost/wp-admin/setup-config.php
[Sat Aug 25 16:59:44.447583 2018] [php7:warn] [pid 12440:tid 1556] [client ::1:49247] PHP Warning:  Use of undefined constant DB_USER - assumed 'DB_USER' (this will throw an Error in a future version of PHP) in C:\\Apps\\xampp\\htdocs\\wp-includes\\load.php on line 404, referer: http://localhost/wp-admin/setup-config.php?step=1&language=nl_NL
[Sat Aug 25 16:59:44.447583 2018] [php7:warn] [pid 12440:tid 1556] [client ::1:49247] PHP Warning:  Use of undefined constant DB_PASSWORD - assumed 'DB_PASSWORD' (this will throw an Error in a future version of PHP) in C:\\Apps\\xampp\\htdocs\\wp-includes\\load.php on line 404, referer: http://localhost/wp-admin/setup-config.php?step=1&language=nl_NL
[Sat Aug 25 16:59:44.447583 2018] [php7:warn] [pid 12440:tid 1556] [client ::1:49247] PHP Warning:  Use of undefined constant DB_NAME - assumed 'DB_NAME' (this will throw an Error in a future version of PHP) in C:\\Apps\\xampp\\htdocs\\wp-includes\\load.php on line 404, referer: http://localhost/wp-admin/setup-config.php?step=1&language=nl_NL
[Sat Aug 25 16:59:44.448583 2018] [php7:warn] [pid 12440:tid 1556] [client ::1:49247] PHP Warning:  Use of undefined constant DB_HOST - assumed 'DB_HOST' (this will throw an Error in a future version of PHP) in C:\\Apps\\xampp\\htdocs\\wp-includes\\load.php on line 404, referer: http://localhost/wp-admin/setup-config.php?step=1&language=nl_NL
[Sat Aug 25 17:00:02.876027 2018] [php7:warn] [pid 12440:tid 1556] [client ::1:49252] PHP Warning:  Use of undefined constant DB_USER - assumed 'DB_USER' (this will throw an Error in a future version of PHP) in C:\\Apps\\xampp\\htdocs\\wp-includes\\load.php on line 404, referer: http://localhost/wp-admin/setup-config.php?step=1&language=nl_NL
[Sat Aug 25 17:00:02.877027 2018] [php7:warn] [pid 12440:tid 1556] [client ::1:49252] PHP Warning:  Use of undefined constant DB_PASSWORD - assumed 'DB_PASSWORD' (this will throw an Error in a future version of PHP) in C:\\Apps\\xampp\\htdocs\\wp-includes\\load.php on line 404, referer: http://localhost/wp-admin/setup-config.php?step=1&language=nl_NL
[Sat Aug 25 17:00:02.877027 2018] [php7:warn] [pid 12440:tid 1556] [client ::1:49252] PHP Warning:  Use of undefined constant DB_NAME - assumed 'DB_NAME' (this will throw an Error in a future version of PHP) in C:\\Apps\\xampp\\htdocs\\wp-includes\\load.php on line 404, referer: http://localhost/wp-admin/setup-config.php?step=1&language=nl_NL
[Sat Aug 25 17:00:02.877027 2018] [php7:warn] [pid 12440:tid 1556] [client ::1:49252] PHP Warning:  Use of undefined constant DB_HOST - assumed 'DB_HOST' (this will throw an Error in a future version of PHP) in C:\\Apps\\xampp\\htdocs\\wp-includes\\load.php on line 404, referer: http://localhost/wp-admin/setup-config.php?step=1&language=nl_NL
[Sat Aug 25 17:00:44.182599 2018] [php7:warn] [pid 12440:tid 1564] [client ::1:49270] PHP Warning:  Use of undefined constant DB_USER - assumed 'DB_USER' (this will throw an Error in a future version of PHP) in C:\\Apps\\xampp\\htdocs\\wp-includes\\load.php on line 404, referer: http://localhost/wp-admin/setup-config.php?step=1&language=nl_NL
[Sat Aug 25 17:00:44.183599 2018] [php7:warn] [pid 12440:tid 1564] [client ::1:49270] PHP Warning:  Use of undefined constant DB_PASSWORD - assumed 'DB_PASSWORD' (this will throw an Error in a future version of PHP) in C:\\Apps\\xampp\\htdocs\\wp-includes\\load.php on line 404, referer: http://localhost/wp-admin/setup-config.php?step=1&language=nl_NL
[Sat Aug 25 17:00:44.183599 2018] [php7:warn] [pid 12440:tid 1564] [client ::1:49270] PHP Warning:  Use of undefined constant DB_NAME - assumed 'DB_NAME' (this will throw an Error in a future version of PHP) in C:\\Apps\\xampp\\htdocs\\wp-includes\\load.php on line 404, referer: http://localhost/wp-admin/setup-config.php?step=1&language=nl_NL
[Sat Aug 25 17:00:44.184599 2018] [php7:warn] [pid 12440:tid 1564] [client ::1:49270] PHP Warning:  Use of undefined constant DB_HOST - assumed 'DB_HOST' (this will throw an Error in a future version of PHP) in C:\\Apps\\xampp\\htdocs\\wp-includes\\load.php on line 404, referer: http://localhost/wp-admin/setup-config.php?step=1&language=nl_NL
[Sat Aug 25 17:00:56.444627 2018] [php7:warn] [pid 12440:tid 1564] [client ::1:49272] PHP Warning:  Use of undefined constant DB_USER - assumed 'DB_USER' (this will throw an Error in a future version of PHP) in C:\\Apps\\xampp\\htdocs\\wp-includes\\load.php on line 404, referer: http://localhost/wp-admin/setup-config.php?step=1&language=nl_NL
[Sat Aug 25 17:00:56.444627 2018] [php7:warn] [pid 12440:tid 1564] [client ::1:49272] PHP Warning:  Use of undefined constant DB_PASSWORD - assumed 'DB_PASSWORD' (this will throw an Error in a future version of PHP) in C:\\Apps\\xampp\\htdocs\\wp-includes\\load.php on line 404, referer: http://localhost/wp-admin/setup-config.php?step=1&language=nl_NL
[Sat Aug 25 17:00:56.445627 2018] [php7:warn] [pid 12440:tid 1564] [client ::1:49272] PHP Warning:  Use of undefined constant DB_NAME - assumed 'DB_NAME' (this will throw an Error in a future version of PHP) in C:\\Apps\\xampp\\htdocs\\wp-includes\\load.php on line 404, referer: http://localhost/wp-admin/setup-config.php?step=1&language=nl_NL
[Sat Aug 25 17:00:56.445627 2018] [php7:warn] [pid 12440:tid 1564] [client ::1:49272] PHP Warning:  Use of undefined constant DB_HOST - assumed 'DB_HOST' (this will throw an Error in a future version of PHP) in C:\\Apps\\xampp\\htdocs\\wp-includes\\load.php on line 404, referer: http://localhost/wp-admin/setup-config.php?step=1&language=nl_NL
[Sat Aug 25 17:02:51.041647 2018] [php7:warn] [pid 12440:tid 1572] [client ::1:49308] PHP Warning:  Use of undefined constant DB_USER - assumed 'DB_USER' (this will throw an Error in a future version of PHP) in C:\\Apps\\xampp\\htdocs\\wp-includes\\load.php on line 404, referer: http://localhost/wp-admin/setup-config.php?step=1&language=nl_NL
[Sat Aug 25 17:02:51.041647 2018] [php7:warn] [pid 12440:tid 1572] [client ::1:49308] PHP Warning:  Use of undefined constant DB_PASSWORD - assumed 'DB_PASSWORD' (this will throw an Error in a future version of PHP) in C:\\Apps\\xampp\\htdocs\\wp-includes\\load.php on line 404, referer: http://localhost/wp-admin/setup-config.php?step=1&language=nl_NL
[Sat Aug 25 17:02:51.042647 2018] [php7:warn] [pid 12440:tid 1572] [client ::1:49308] PHP Warning:  Use of undefined constant DB_NAME - assumed 'DB_NAME' (this will throw an Error in a future version of PHP) in C:\\Apps\\xampp\\htdocs\\wp-includes\\load.php on line 404, referer: http://localhost/wp-admin/setup-config.php?step=1&language=nl_NL
[Sat Aug 25 17:02:51.042647 2018] [php7:warn] [pid 12440:tid 1572] [client ::1:49308] PHP Warning:  Use of undefined constant DB_HOST - assumed 'DB_HOST' (this will throw an Error in a future version of PHP) in C:\\Apps\\xampp\\htdocs\\wp-includes\\load.php on line 404, referer: http://localhost/wp-admin/setup-config.php?step=1&language=nl_NL
[Sat Aug 25 17:02:51.403667 2018] [php7:notice] [pid 12440:tid 1572] [client ::1:49308] WordPress databasefout Unknown column 'wp_' in 'field list' bij query SELECT wp_, referer: http://localhost/wp-admin/setup-config.php?step=1&language=nl_NL
[Sat Aug 25 17:05:36.786155 2018] [ssl:warn] [pid 15188:tid 292] AH01909: www.example.com:443:0 server certificate does NOT include an ID which matches the server name
[Sat Aug 25 17:05:36.889161 2018] [core:warn] [pid 15188:tid 292] AH00098: pid file C:/Apps/xampp/apache/logs/httpd.pid overwritten -- Unclean shutdown of previous Apache run?
[Sat Aug 25 17:05:36.894161 2018] [ssl:warn] [pid 15188:tid 292] AH01909: www.example.com:443:0 server certificate does NOT include an ID which matches the server name
[Sat Aug 25 17:05:36.957165 2018] [mpm_winnt:notice] [pid 15188:tid 292] AH00455: Apache/2.4.34 (Win32) OpenSSL/1.1.0h PHP/7.2.8 configured -- resuming normal operations
[Sat Aug 25 17:05:36.957165 2018] [mpm_winnt:notice] [pid 15188:tid 292] AH00456: Apache Lounge VC15 Server built: Jul 11 2018 12:13:24
[Sat Aug 25 17:05:36.957165 2018] [core:notice] [pid 15188:tid 292] AH00094: Command line: 'c:\\apps\\xampp\\apache\\bin\\httpd.exe -d C:/Apps/xampp/apache'
[Sat Aug 25 17:05:36.962165 2018] [mpm_winnt:notice] [pid 15188:tid 292] AH00418: Parent: Created child process 13916
[Sat Aug 25 17:05:38.203994 2018] [ssl:warn] [pid 13916:tid 304] AH01909: www.example.com:443:0 server certificate does NOT include an ID which matches the server name
[Sat Aug 25 17:05:38.275796 2018] [ssl:warn] [pid 13916:tid 304] AH01909: www.example.com:443:0 server certificate does NOT include an ID which matches the server name
[Sat Aug 25 17:05:38.349197 2018] [mpm_winnt:notice] [pid 13916:tid 304] AH00354: Child: Starting 150 worker threads.
[Sat Aug 25 18:28:33.496825 2018] [ssl:warn] [pid 17392:tid 292] AH01909: www.example.com:443:0 server certificate does NOT include an ID which matches the server name
[Sat Aug 25 18:28:33.574326 2018] [core:warn] [pid 17392:tid 292] AH00098: pid file C:/Apps/xampp/apache/logs/httpd.pid overwritten -- Unclean shutdown of previous Apache run?
[Sat Aug 25 18:28:33.579326 2018] [ssl:warn] [pid 17392:tid 292] AH01909: www.example.com:443:0 server certificate does NOT include an ID which matches the server name
[Sat Aug 25 18:28:33.651827 2018] [mpm_winnt:notice] [pid 17392:tid 292] AH00455: Apache/2.4.34 (Win32) OpenSSL/1.1.0h PHP/7.2.8 configured -- resuming normal operations
[Sat Aug 25 18:28:33.651827 2018] [mpm_winnt:notice] [pid 17392:tid 292] AH00456: Apache Lounge VC15 Server built: Jul 11 2018 12:13:24
[Sat Aug 25 18:28:33.651827 2018] [core:notice] [pid 17392:tid 292] AH00094: Command line: 'c:\\apps\\xampp\\apache\\bin\\httpd.exe -d C:/Apps/xampp/apache'
[Sat Aug 25 18:28:33.656828 2018] [mpm_winnt:notice] [pid 17392:tid 292] AH00418: Parent: Created child process 16072
[Sat Aug 25 18:28:34.981848 2018] [ssl:warn] [pid 16072:tid 304] AH01909: www.example.com:443:0 server certificate does NOT include an ID which matches the server name
[Sat Aug 25 18:28:35.070849 2018] [ssl:warn] [pid 16072:tid 304] AH01909: www.example.com:443:0 server certificate does NOT include an ID which matches the server name
[Sat Aug 25 18:28:35.140851 2018] [mpm_winnt:notice] [pid 16072:tid 304] AH00354: Child: Starting 150 worker threads.
