[10/Sep/2018:14:22:22 +0200] 127.0.0.1 TLSv1.2 ECDHE-RSA-AES256-GCM-SHA384 "POST /wp-cron.php?doing_wp_cron=1536582142.7408680915832519531250 HTTP/1.1" 88472
[10/Sep/2018:14:22:20 +0200] ::1 TLSv1.2 ECDHE-RSA-AES256-GCM-SHA384 "GET / HTTP/1.1" 99616
[10/Sep/2018:14:22:25 +0200] ::1 TLSv1.2 ECDHE-RSA-AES256-GCM-SHA384 "GET /bp/assets/css/js_composer.min.css?ver=5.5.2 HTTP/1.1" 481374
[10/Sep/2018:14:22:25 +0200] ::1 TLSv1.2 ECDHE-RSA-AES256-GCM-SHA384 "GET /foursixnine/inc/fonts/linea-fonts/arrows/styles.css?ver=2.6.2 HTTP/1.1" 8107
[10/Sep/2018:14:22:25 +0200] ::1 TLSv1.2 ECDHE-RSA-AES256-GCM-SHA384 "GET /foursixnine/inc/fonts/linea-fonts/basic/styles.css?ver=2.6.2 HTTP/1.1" 7152
[10/Sep/2018:14:22:25 +0200] ::1 TLSv1.2 ECDHE-RSA-AES256-GCM-SHA384 "GET /foursixnine/inc/fonts/linea-fonts/basic_elaboration/styles.css?ver=2.6.2 HTTP/1.1" 10245
[10/Sep/2018:14:22:25 +0200] ::1 TLSv1.2 ECDHE-RSA-AES256-GCM-SHA384 "GET /foursixnine/inc/fonts/linea-fonts/ecommerce/styles.css?ver=2.6.2 HTTP/1.1" 5220
[10/Sep/2018:14:22:25 +0200] ::1 TLSv1.2 ECDHE-RSA-AES256-GCM-SHA384 "GET /foursixnine/inc/fonts/linea-fonts/software/styles.css?ver=2.6.2 HTTP/1.1" 6548
[10/Sep/2018:14:22:25 +0200] ::1 TLSv1.2 ECDHE-RSA-AES256-GCM-SHA384 "GET /foursixnine/inc/fonts/linea-fonts/weather/styles.css?ver=2.6.2 HTTP/1.1" 5418
[10/Sep/2018:14:22:25 +0200] ::1 TLSv1.2 ECDHE-RSA-AES256-GCM-SHA384 "GET /foursixnine_include/css/admin-bar.min.css?ver=4.9.8 HTTP/1.1" 20214
[10/Sep/2018:14:22:25 +0200] ::1 TLSv1.2 ECDHE-RSA-AES256-GCM-SHA384 "GET /foursixnine/css/fresco/fresco.css?ver=1.3.0 HTTP/1.1" 35815
[10/Sep/2018:14:22:25 +0200] ::1 TLSv1.2 ECDHE-RSA-AES256-GCM-SHA384 "GET /dp/duplicate-post.css?ver=4.9.8 HTTP/1.1" 1296
[10/Sep/2018:14:22:25 +0200] ::1 TLSv1.2 ECDHE-RSA-AES256-GCM-SHA384 "GET /woo/assets/css/woocommerce.css?ver=3.4.5 HTTP/1.1" 61728
[10/Sep/2018:14:22:25 +0200] ::1 TLSv1.2 ECDHE-RSA-AES256-GCM-SHA384 "GET /bp/assets/lib/bower/animate-css/animate.min.css?ver=5.5.2 HTTP/1.1" 53987
[10/Sep/2018:14:22:25 +0200] ::1 TLSv1.2 ECDHE-RSA-AES256-GCM-SHA384 "GET /foursixnine/inc/fonts/shopkeeper-icon-font/style.css?ver=2.6.2 HTTP/1.1" 4792
[10/Sep/2018:14:22:25 +0200] ::1 TLSv1.2 ECDHE-RSA-AES256-GCM-SHA384 "GET /foursixnine/inc/fonts/linea-fonts/music/styles.css?ver=2.6.2 HTTP/1.1" 2452
[10/Sep/2018:14:22:25 +0200] ::1 TLSv1.2 ECDHE-RSA-AES256-GCM-SHA384 "GET /foursixnine/css/styles.css?ver=2.6.2 HTTP/1.1" 933111
[10/Sep/2018:14:22:25 +0200] ::1 TLSv1.2 ECDHE-RSA-AES256-GCM-SHA384 "GET /foursixnine_pi/recently-viewed-and-most-viewed-products/assets/css/ced_init.css?ver=1.0.11 HTTP/1.1" 2297
[10/Sep/2018:14:22:25 +0200] ::1 TLSv1.2 ECDHE-RSA-AES256-GCM-SHA384 "GET /woo/assets/css/select2.css?ver=4.9.8 HTTP/1.1" 14938
[10/Sep/2018:14:22:25 +0200] ::1 TLSv1.2 ECDHE-RSA-AES256-GCM-SHA384 "GET /foursixnine/fousixninestyle?ver=4.9.8 HTTP/1.1" 4681
[10/Sep/2018:14:22:25 +0200] ::1 TLSv1.2 ECDHE-RSA-AES256-GCM-SHA384 "GET /foursixnine/css/header-default.css?ver=2.6.2 HTTP/1.1" 462
[10/Sep/2018:14:22:25 +0200] ::1 TLSv1.2 ECDHE-RSA-AES256-GCM-SHA384 "GET /woo/assets/css/woocommerce-layout.css?ver=3.4.5 HTTP/1.1" 16542
[10/Sep/2018:14:22:25 +0200] ::1 TLSv1.2 ECDHE-RSA-AES256-GCM-SHA384 "GET /foursixnine_include/css/dashicons.min.css?ver=4.9.8 HTTP/1.1" 46360
[10/Sep/2018:14:22:25 +0200] ::1 TLSv1.2 ECDHE-RSA-AES256-GCM-SHA384 "GET /foursixnine_include/js/jquery/jquery.js?ver=1.12.4 HTTP/1.1" 97184
[10/Sep/2018:14:22:25 +0200] ::1 TLSv1.2 ECDHE-RSA-AES256-GCM-SHA384 "GET /bp/assets/js/vendors/woocommerce-add-to-cart.js?ver=5.5.2 HTTP/1.1" 895
[10/Sep/2018:14:22:25 +0200] ::1 TLSv1.2 ECDHE-RSA-AES256-GCM-SHA384 "GET /foursixnine_include/js/jquery/jquery-migrate.min.js?ver=1.4.1 HTTP/1.1" 10056
[10/Sep/2018:14:22:25 +0200] ::1 TLSv1.2 ECDHE-RSA-AES256-GCM-SHA384 "GET /woo/assets/js/frontend/add-to-cart.min.js?ver=3.4.5 HTTP/1.1" 2650
[10/Sep/2018:14:22:25 +0200] ::1 TLSv1.2 ECDHE-RSA-AES256-GCM-SHA384 "GET /woo/assets/css/woocommerce-smallscreen.css?ver=3.4.5 HTTP/1.1" 6758
[10/Sep/2018:14:22:25 +0200] ::1 TLSv1.2 ECDHE-RSA-AES256-GCM-SHA384 "GET /foursixnine_include/js/wp-emoji-release.min.js?ver=4.9.8 HTTP/1.1" 12026
[10/Sep/2018:14:22:25 +0200] ::1 TLSv1.2 ECDHE-RSA-AES256-GCM-SHA384 "GET /foursixnine_pi/recently-viewed-and-most-viewed-products/assets/js/ced_init.js?ver=1.0.11 HTTP/1.1" 1423
[10/Sep/2018:14:22:25 +0200] ::1 TLSv1.2 ECDHE-RSA-AES256-GCM-SHA384 "GET /woo/assets/js/select2/select2.min.js?ver=1.0.11 HTTP/1.1" 66492
[10/Sep/2018:14:22:25 +0200] ::1 TLSv1.2 ECDHE-RSA-AES256-GCM-SHA384 "GET /foursixnine_pi/recently-viewed-and-most-viewed-products/assets/js/ced_select2.js?ver=1.0.11 HTTP/1.1" 229
[10/Sep/2018:14:22:25 +0200] ::1 TLSv1.2 ECDHE-RSA-AES256-GCM-SHA384 "GET /foursixnine_include/js/admin-bar.min.js?ver=4.9.8 HTTP/1.1" 7188
[10/Sep/2018:14:22:25 +0200] ::1 TLSv1.2 ECDHE-RSA-AES256-GCM-SHA384 "GET /woo/assets/js/jquery-blockui/jquery.blockUI.min.js?ver=2.70 HTTP/1.1" 9566
[10/Sep/2018:14:22:25 +0200] ::1 TLSv1.2 ECDHE-RSA-AES256-GCM-SHA384 "GET /woo/assets/js/js-cookie/js.cookie.min.js?ver=2.1.4 HTTP/1.1" 1846
[10/Sep/2018:14:22:25 +0200] ::1 TLSv1.2 ECDHE-RSA-AES256-GCM-SHA384 "GET /woo/assets/js/frontend/woocommerce.min.js?ver=3.4.5 HTTP/1.1" 1402
[10/Sep/2018:14:22:25 +0200] ::1 TLSv1.2 ECDHE-RSA-AES256-GCM-SHA384 "GET /woo/assets/js/frontend/cart-fragments.min.js?ver=3.4.5 HTTP/1.1" 2568
[10/Sep/2018:14:22:25 +0200] ::1 TLSv1.2 ECDHE-RSA-AES256-GCM-SHA384 "GET /foursixnine_include/js/underscore.min.js?ver=1.8.3 HTTP/1.1" 16410
[10/Sep/2018:14:22:25 +0200] ::1 TLSv1.2 ECDHE-RSA-AES256-GCM-SHA384 "GET /foursixnine_pi/mailchimp-for-woocommerce/public/js/mailchimp-woocommerce-public.min.js?ver=2.1.9 HTTP/1.1" 5916
[10/Sep/2018:14:22:25 +0200] ::1 TLSv1.2 ECDHE-RSA-AES256-GCM-SHA384 "GET /foursixnine_include/js/wp-util.min.js?ver=4.9.8 HTTP/1.1" 1046
[10/Sep/2018:14:22:25 +0200] ::1 TLSv1.2 ECDHE-RSA-AES256-GCM-SHA384 "GET /woo/assets/js/frontend/add-to-cart-variation.min.js?ver=3.4.5 HTTP/1.1" 12404
[10/Sep/2018:14:22:25 +0200] ::1 TLSv1.2 ECDHE-RSA-AES256-GCM-SHA384 "GET /foursixnine/js/components/ajax-search.js?ver=2.6.2 HTTP/1.1" 34442
[10/Sep/2018:14:22:25 +0200] ::1 TLSv1.2 ECDHE-RSA-AES256-GCM-SHA384 "GET /bp/assets/js/dist/js_composer_front.min.js?ver=5.5.2 HTTP/1.1" 19710
[10/Sep/2018:14:22:25 +0200] ::1 TLSv1.2 ECDHE-RSA-AES256-GCM-SHA384 "GET /foursixnine_include/js/wp-embed.min.js?ver=4.9.8 HTTP/1.1" 1398
[10/Sep/2018:14:22:25 +0200] ::1 TLSv1.2 ECDHE-RSA-AES256-GCM-SHA384 "GET /foursixnine/js/scripts-dist.js?ver=2.6.2 HTTP/1.1" 534878
[10/Sep/2018:14:22:25 +0200] ::1 TLSv1.2 ECDHE-RSA-AES256-GCM-SHA384 "GET /bp/assets/lib/waypoints/waypoints.min.js?ver=5.5.2 HTTP/1.1" 8044
[10/Sep/2018:14:22:25 +0200] ::1 TLSv1.2 ECDHE-RSA-AES256-GCM-SHA384 "GET /uploadz/2018/08/512x512-e1535215785451.png HTTP/1.1" 9198
[10/Sep/2018:14:22:25 +0200] ::1 TLSv1.2 ECDHE-RSA-AES256-GCM-SHA384 "GET /uploadz/2018/08/512x512-e1535215785451-300x152.png HTTP/1.1" 12873
[10/Sep/2018:14:22:25 +0200] ::1 TLSv1.2 ECDHE-RSA-AES256-GCM-SHA384 "GET /woo-gateway-paypal-express-checkout/assets/css/wc-gateway-ppec-frontend-cart.css?ver=4.9.8 HTTP/1.1" 95626
[10/Sep/2018:14:22:28 +0200] ::1 TLSv1.2 ECDHE-RSA-AES256-GCM-SHA384 "GET /foursixnine/inc/fonts/shopkeeper-icon-font/fonts/Shopkeeper-Icon-Font.woff2?5z6oga HTTP/1.1" 11996
[10/Sep/2018:14:22:28 +0200] ::1 TLSv1.2 ECDHE-RSA-AES256-GCM-SHA384 "GET /uploadz/2018/08/IMG_8520-e1535285025448.jpg HTTP/1.1" 61256
[10/Sep/2018:14:22:28 +0200] ::1 TLSv1.2 ECDHE-RSA-AES256-GCM-SHA384 "GET /uploadz/2018/08/Schermafbeelding-2018-08-09-om-23.49.04-e1535218515790.png HTTP/1.1" 560089
[10/Sep/2018:14:22:28 +0200] ::1 TLSv1.2 ECDHE-RSA-AES256-GCM-SHA384 "POST /?wc-ajax=get_refreshed_fragments HTTP/1.1" 5446
[10/Sep/2018:14:22:31 +0200] ::1 TLSv1.2 ECDHE-RSA-AES256-GCM-SHA384 "GET /uploadz/2018/09/M_HOODIE_DAGGER_BLACK_09_700x-300x420.jpg HTTP/1.1" 10848
[10/Sep/2018:14:22:31 +0200] ::1 TLSv1.2 ECDHE-RSA-AES256-GCM-SHA384 "GET /uploadz/2018/09/M_JACKET_SILK_DAGGER_BAND_RED_700x-300x420.jpg HTTP/1.1" 15911
[10/Sep/2018:14:22:31 +0200] ::1 TLSv1.2 ECDHE-RSA-AES256-GCM-SHA384 "GET /uploadz/2018/09/M_JACKET_SILK_DAGGER_BAND_RED_700x-150x150.jpg HTTP/1.1" 5645
[10/Sep/2018:14:22:31 +0200] ::1 TLSv1.2 ECDHE-RSA-AES256-GCM-SHA384 "GET /uploadz/2018/09/M_HOODIE_DAGGER_BLACK_09_700x-150x150.jpg HTTP/1.1" 3348
[10/Sep/2018:14:22:28 +0200] ::1 TLSv1.2 ECDHE-RSA-AES256-GCM-SHA384 "GET / HTTP/1.1" 99616
[10/Sep/2018:14:22:31 +0200] ::1 TLSv1.2 ECDHE-RSA-AES256-GCM-SHA384 "GET /uploadz/2018/08/cropped-512x512-1-32x32.png HTTP/1.1" 503
[10/Sep/2018:14:22:31 +0200] ::1 TLSv1.2 ECDHE-RSA-AES256-GCM-SHA384 "GET /uploadz/2018/08/cropped-512x512-1-192x192.png HTTP/1.1" 5106
[10/Sep/2018:14:23:07 +0200] ::1 TLSv1.2 ECDHE-RSA-AES256-GCM-SHA384 "GET / HTTP/1.1" 99616
[10/Sep/2018:14:23:09 +0200] ::1 TLSv1.2 ECDHE-RSA-AES256-GCM-SHA384 "GET /foursixnine_pi/recently-viewed-and-most-viewed-products/assets/css/ced_init.css?ver=1.0.11 HTTP/1.1" 2297
[10/Sep/2018:14:23:09 +0200] ::1 TLSv1.2 ECDHE-RSA-AES256-GCM-SHA384 "GET /woo/assets/css/select2.css?ver=4.9.8 HTTP/1.1" 14938
[10/Sep/2018:14:23:09 +0200] ::1 TLSv1.2 ECDHE-RSA-AES256-GCM-SHA384 "GET /woo/assets/css/woocommerce-layout.css?ver=3.4.5 HTTP/1.1" 16542
[10/Sep/2018:14:23:09 +0200] ::1 TLSv1.2 ECDHE-RSA-AES256-GCM-SHA384 "GET /woo/assets/css/woocommerce.css?ver=3.4.5 HTTP/1.1" 61728
[10/Sep/2018:14:23:09 +0200] ::1 TLSv1.2 ECDHE-RSA-AES256-GCM-SHA384 "GET /foursixnine_include/css/dashicons.min.css?ver=4.9.8 HTTP/1.1" 46360
[10/Sep/2018:14:23:09 +0200] ::1 TLSv1.2 ECDHE-RSA-AES256-GCM-SHA384 "GET /dp/duplicate-post.css?ver=4.9.8 HTTP/1.1" 1296
[10/Sep/2018:14:23:09 +0200] ::1 TLSv1.2 ECDHE-RSA-AES256-GCM-SHA384 "GET /foursixnine_include/css/admin-bar.min.css?ver=4.9.8 HTTP/1.1" 20214
[10/Sep/2018:14:23:09 +0200] ::1 TLSv1.2 ECDHE-RSA-AES256-GCM-SHA384 "GET /foursixnine/inc/fonts/linea-fonts/arrows/styles.css?ver=2.6.2 HTTP/1.1" 8107
[10/Sep/2018:14:23:09 +0200] ::1 TLSv1.2 ECDHE-RSA-AES256-GCM-SHA384 "GET /foursixnine/css/styles.css?ver=2.6.2 HTTP/1.1" 933111
[10/Sep/2018:14:23:09 +0200] ::1 TLSv1.2 ECDHE-RSA-AES256-GCM-SHA384 "GET /foursixnine/inc/fonts/shopkeeper-icon-font/style.css?ver=2.6.2 HTTP/1.1" 4792
[10/Sep/2018:14:23:09 +0200] ::1 TLSv1.2 ECDHE-RSA-AES256-GCM-SHA384 "GET /bp/assets/css/js_composer.min.css?ver=5.5.2 HTTP/1.1" 481374
[10/Sep/2018:14:23:09 +0200] ::1 TLSv1.2 ECDHE-RSA-AES256-GCM-SHA384 "GET /foursixnine/inc/fonts/linea-fonts/basic/styles.css?ver=2.6.2 HTTP/1.1" 7152
[10/Sep/2018:14:23:09 +0200] ::1 TLSv1.2 ECDHE-RSA-AES256-GCM-SHA384 "GET /foursixnine/inc/fonts/linea-fonts/basic_elaboration/styles.css?ver=2.6.2 HTTP/1.1" 10245
[10/Sep/2018:14:23:09 +0200] ::1 TLSv1.2 ECDHE-RSA-AES256-GCM-SHA384 "GET /foursixnine/inc/fonts/linea-fonts/ecommerce/styles.css?ver=2.6.2 HTTP/1.1" 5220
[10/Sep/2018:14:23:09 +0200] ::1 TLSv1.2 ECDHE-RSA-AES256-GCM-SHA384 "GET /foursixnine/inc/fonts/linea-fonts/music/styles.css?ver=2.6.2 HTTP/1.1" 2452
[10/Sep/2018:14:23:09 +0200] ::1 TLSv1.2 ECDHE-RSA-AES256-GCM-SHA384 "GET /foursixnine/inc/fonts/linea-fonts/software/styles.css?ver=2.6.2 HTTP/1.1" 6548
[10/Sep/2018:14:23:09 +0200] ::1 TLSv1.2 ECDHE-RSA-AES256-GCM-SHA384 "GET /foursixnine/css/fresco/fresco.css?ver=1.3.0 HTTP/1.1" 35815
[10/Sep/2018:14:23:09 +0200] ::1 TLSv1.2 ECDHE-RSA-AES256-GCM-SHA384 "GET /foursixnine/css/header-default.css?ver=2.6.2 HTTP/1.1" 462
[10/Sep/2018:14:23:09 +0200] ::1 TLSv1.2 ECDHE-RSA-AES256-GCM-SHA384 "GET /foursixnine/inc/fonts/linea-fonts/weather/styles.css?ver=2.6.2 HTTP/1.1" 5418
[10/Sep/2018:14:23:09 +0200] ::1 TLSv1.2 ECDHE-RSA-AES256-GCM-SHA384 "GET /foursixnine_include/js/jquery/jquery.js?ver=1.12.4 HTTP/1.1" 97184
[10/Sep/2018:14:23:09 +0200] ::1 TLSv1.2 ECDHE-RSA-AES256-GCM-SHA384 "GET /foursixnine/fousixninestyle?ver=4.9.8 HTTP/1.1" 4681
[10/Sep/2018:14:23:09 +0200] ::1 TLSv1.2 ECDHE-RSA-AES256-GCM-SHA384 "GET /woo/assets/js/frontend/add-to-cart.min.js?ver=3.4.5 HTTP/1.1" 2650
[10/Sep/2018:14:23:09 +0200] ::1 TLSv1.2 ECDHE-RSA-AES256-GCM-SHA384 "GET /foursixnine_include/js/jquery/jquery-migrate.min.js?ver=1.4.1 HTTP/1.1" 10056
[10/Sep/2018:14:23:09 +0200] ::1 TLSv1.2 ECDHE-RSA-AES256-GCM-SHA384 "GET /bp/assets/js/vendors/woocommerce-add-to-cart.js?ver=5.5.2 HTTP/1.1" 895
[10/Sep/2018:14:23:09 +0200] ::1 TLSv1.2 ECDHE-RSA-AES256-GCM-SHA384 "GET /uploadz/2018/08/512x512-e1535215785451.png HTTP/1.1" 9198
[10/Sep/2018:14:23:09 +0200] ::1 TLSv1.2 ECDHE-RSA-AES256-GCM-SHA384 "GET /uploadz/2018/08/512x512-e1535215785451-300x152.png HTTP/1.1" 12873
[10/Sep/2018:14:23:09 +0200] ::1 TLSv1.2 ECDHE-RSA-AES256-GCM-SHA384 "GET /bp/assets/lib/bower/animate-css/animate.min.css?ver=5.5.2 HTTP/1.1" 53987
[10/Sep/2018:14:23:09 +0200] ::1 TLSv1.2 ECDHE-RSA-AES256-GCM-SHA384 "GET /woo-gateway-paypal-express-checkout/assets/css/wc-gateway-ppec-frontend-cart.css?ver=4.9.8 HTTP/1.1" 95626
[10/Sep/2018:14:24:18 +0200] ::1 TLSv1.2 ECDHE-RSA-AES256-GCM-SHA384 "GET /wp-content/uploads/2018/08/512x512-e1535215785451.png HTTP/1.1" 95574
[10/Sep/2018:14:24:20 +0200] 127.0.0.1 TLSv1.2 ECDHE-RSA-AES256-GCM-SHA384 "POST /wp-cron.php?doing_wp_cron=1536582260.4411289691925048828125 HTTP/1.1" 88472
[10/Sep/2018:14:24:24 +0200] ::1 TLSv1.2 ECDHE-RSA-AES256-GCM-SHA384 "GET /wp-content/uploads/2018/08/512x512-e1535215785451.png HTTP/1.1" 95574
[10/Sep/2018:14:24:35 +0200] ::1 TLSv1.2 ECDHE-RSA-AES256-GCM-SHA384 "GET /wp-content/uploads/2018/08/512x512-e1535215785451.png HTTP/1.1" 95574
[10/Sep/2018:14:24:39 +0200] ::1 TLSv1.2 ECDHE-RSA-AES256-GCM-SHA384 "GET /wp-content/uploads/2018/08/512x512-e1535215785451.png HTTP/1.1" 95574
[10/Sep/2018:14:24:42 +0200] ::1 TLSv1.2 ECDHE-RSA-AES256-GCM-SHA384 "GET /wp-content/uploads/2018/08/512x512-e1535215785451.png HTTP/1.1" 95574
[10/Sep/2018:14:24:56 +0200] ::1 TLSv1.2 ECDHE-RSA-AES256-GCM-SHA384 "GET /wp-content/uploads/2018/08/512x512-e1535215785451.png HTTP/1.1" 88472
[10/Sep/2018:14:25:08 +0200] ::1 TLSv1.2 ECDHE-RSA-AES256-GCM-SHA384 "GET /wp-content/uploads/2018/08/512x512-e1535215785451.png HTTP/1.1" 88472
[10/Sep/2018:14:25:12 +0200] ::1 TLSv1.2 ECDHE-RSA-AES256-GCM-SHA384 "GET /wp-content/uploads/2018/08/512x512-e1535215785451.png HTTP/1.1" 88472
[10/Sep/2018:14:25:21 +0200] ::1 TLSv1.2 ECDHE-RSA-AES256-GCM-SHA384 "GET /wp-content/uploads/2018/08/512x512-e1535215785451.png HTTP/1.1" 88472
[10/Sep/2018:14:25:23 +0200] 127.0.0.1 TLSv1.2 ECDHE-RSA-AES256-GCM-SHA384 "POST /wp-cron.php?doing_wp_cron=1536582323.3054969310760498046875 HTTP/1.1" 88472
[10/Sep/2018:14:25:26 +0200] ::1 TLSv1.2 ECDHE-RSA-AES256-GCM-SHA384 "GET /wp-content/uploads/2018/08/512x512-e1535215785451.png HTTP/1.1" 88472
[10/Sep/2018:14:25:28 +0200] ::1 TLSv1.2 ECDHE-RSA-AES256-GCM-SHA384 "GET /wp-content/uploads/2018/08/512x512-e1535215785451.png HTTP/1.1" 88472
[10/Sep/2018:14:25:31 +0200] ::1 TLSv1.2 ECDHE-RSA-AES256-GCM-SHA384 "GET /wp-content/uploads/2018/08/512x512-e1535215785451.png HTTP/1.1" 88472
[10/Sep/2018:14:25:34 +0200] ::1 TLSv1.2 ECDHE-RSA-AES256-GCM-SHA384 "GET /wp-content/uploads/2018/08/512x512-e1535215785451.png HTTP/1.1" 88472
[10/Sep/2018:14:25:36 +0200] ::1 TLSv1.2 ECDHE-RSA-AES256-GCM-SHA384 "GET /wp-content/uploads/2018/08/512x512-e1535215785451.png HTTP/1.1" 88472
[10/Sep/2018:14:25:40 +0200] ::1 TLSv1.2 ECDHE-RSA-AES256-GCM-SHA384 "GET /wp-content/uploads/2018/08/512x512-e1535215785451.png HTTP/1.1" 88472
[10/Sep/2018:14:26:32 +0200] ::1 TLSv1.2 ECDHE-RSA-AES256-GCM-SHA384 "GET /wp-content/uploads/2018/08/512x512-e1535215785451.png HTTP/1.1" 95574
[10/Sep/2018:14:26:45 +0200] ::1 TLSv1.2 ECDHE-RSA-AES256-GCM-SHA384 "GET /wp-content/uploads/2018/08/512x512-e1535215785451.png HTTP/1.1" 95574
[10/Sep/2018:14:27:16 +0200] ::1 TLSv1.2 ECDHE-RSA-AES256-GCM-SHA384 "GET /wp-content/uploads/2018/08/512x512-e1535215785451.png HTTP/1.1" 88472
[10/Sep/2018:14:27:21 +0200] ::1 TLSv1.2 ECDHE-RSA-AES256-GCM-SHA384 "GET /wp-content/uploads/2018/08/512x512-e1535215785451.png HTTP/1.1" 88472
[10/Sep/2018:14:27:25 +0200] ::1 TLSv1.2 ECDHE-RSA-AES256-GCM-SHA384 "GET /wp-content/uploads/2018/08/512x512-e1535215785451.png HTTP/1.1" 88472
[10/Sep/2018:14:27:28 +0200] 127.0.0.1 TLSv1.2 ECDHE-RSA-AES256-GCM-SHA384 "POST /wp-cron.php?doing_wp_cron=1536582447.9746730327606201171875 HTTP/1.1" 88472
[10/Sep/2018:14:27:30 +0200] ::1 TLSv1.2 ECDHE-RSA-AES256-GCM-SHA384 "GET /wp-content/uploads/2018/08/512x512-e1535215785451.png HTTP/1.1" 88472
[10/Sep/2018:14:27:34 +0200] ::1 TLSv1.2 ECDHE-RSA-AES256-GCM-SHA384 "GET /wp-content/uploads/2018/08/512x512-e1535215785451.png HTTP/1.1" 88472
[10/Sep/2018:14:27:37 +0200] ::1 TLSv1.2 ECDHE-RSA-AES256-GCM-SHA384 "GET /wp-content/uploads/2018/08/512x512-e1535215785451.png HTTP/1.1" 88472
[10/Sep/2018:14:27:39 +0200] ::1 TLSv1.2 ECDHE-RSA-AES256-GCM-SHA384 "GET /wp-content/uploads/2018/08/512x512-e1535215785451.png HTTP/1.1" 88472
[10/Sep/2018:14:28:47 +0200] ::1 TLSv1.2 ECDHE-RSA-AES256-GCM-SHA384 "GET /wp-content/uploads/2018/08/512x512-e1535215785451.png HTTP/1.1" 88472
[10/Sep/2018:14:28:51 +0200] ::1 TLSv1.2 ECDHE-RSA-AES256-GCM-SHA384 "GET /wp-content/uploads/2018/08/512x512-e1535215785451.png HTTP/1.1" 88472
[10/Sep/2018:14:31:12 +0200] ::1 TLSv1.2 ECDHE-RSA-AES256-GCM-SHA384 "GET /wp-content/uploads/2018/08/512x512-e1535215785451.png HTTP/1.1" 88472
[10/Sep/2018:14:31:14 +0200] 127.0.0.1 TLSv1.2 ECDHE-RSA-AES256-GCM-SHA384 "POST /wp-cron.php?doing_wp_cron=1536582674.4867150783538818359375 HTTP/1.1" 88472
[10/Sep/2018:14:31:20 +0200] ::1 TLSv1.2 ECDHE-RSA-AES256-GCM-SHA384 "GET /wp-content/uploads/2018/08/512x512-e1535215785451.png HTTP/1.1" 88472
[10/Sep/2018:14:31:46 +0200] ::1 TLSv1.2 ECDHE-RSA-AES256-GCM-SHA384 "GET /wp-content/uploads/2018/08/512x512-e1535215785451.png HTTP/1.1" 88472
[10/Sep/2018:14:32:28 +0200] ::1 TLSv1.2 ECDHE-RSA-AES256-GCM-SHA384 "GET /wp-content/uploads/2018/08/512x512-e1535215785451.png HTTP/1.1" 88472
[10/Sep/2018:14:32:29 +0200] 127.0.0.1 TLSv1.2 ECDHE-RSA-AES256-GCM-SHA384 "POST /wp-cron.php?doing_wp_cron=1536582749.6688220500946044921875 HTTP/1.1" 88472
[10/Sep/2018:14:32:33 +0200] ::1 TLSv1.2 ECDHE-RSA-AES256-GCM-SHA384 "GET /wp-content/uploads/2018/08/512x512-e1535215785451.png HTTP/1.1" 88472
[10/Sep/2018:14:32:42 +0200] ::1 TLSv1.2 ECDHE-RSA-AES256-GCM-SHA384 "GET /wp-content/uploads/2018/08/512x512-e1535215785451.png HTTP/1.1" 88472
[10/Sep/2018:14:32:46 +0200] ::1 TLSv1.2 ECDHE-RSA-AES256-GCM-SHA384 "GET /wp-content/uploads/2018/08/512x512-e1535215785451.png HTTP/1.1" 88472
[10/Sep/2018:14:32:48 +0200] ::1 TLSv1.2 ECDHE-RSA-AES256-GCM-SHA384 "GET /wp-content/uploads/2018/08/512x512-e1535215785451.png HTTP/1.1" 88472
[10/Sep/2018:14:32:52 +0200] ::1 TLSv1.2 ECDHE-RSA-AES256-GCM-SHA384 "GET /wp-content/uploads/2018/08/512x512-e1535215785451.png HTTP/1.1" 88472
[10/Sep/2018:14:34:48 +0200] ::1 TLSv1.2 ECDHE-RSA-AES256-GCM-SHA384 "GET /wp-content/uploads/2018/08/512x512-e1535215785451.png HTTP/1.1" 88472
[10/Sep/2018:14:34:49 +0200] 127.0.0.1 TLSv1.2 ECDHE-RSA-AES256-GCM-SHA384 "POST /wp-cron.php?doing_wp_cron=1536582889.9475140571594238281250 HTTP/1.1" 88472
[10/Sep/2018:14:34:53 +0200] ::1 TLSv1.2 ECDHE-RSA-AES256-GCM-SHA384 "GET /wp-content/uploads/2018/08/512x512-e1535215785451.png HTTP/1.1" 88472
[10/Sep/2018:14:34:56 +0200] ::1 TLSv1.2 ECDHE-RSA-AES256-GCM-SHA384 "GET /wp-content/uploads/2018/08/512x512-e1535215785451.png HTTP/1.1" 88472
[10/Sep/2018:14:37:05 +0200] ::1 TLSv1.2 ECDHE-RSA-AES256-GCM-SHA384 "GET /wp-content/uploads/2018/08/512x512-e1535215785451.png HTTP/1.1" 88472
[10/Sep/2018:14:37:06 +0200] 127.0.0.1 TLSv1.2 ECDHE-RSA-AES256-GCM-SHA384 "POST /wp-cron.php?doing_wp_cron=1536583026.7205049991607666015625 HTTP/1.1" 88472
[10/Sep/2018:14:37:39 +0200] ::1 TLSv1.2 ECDHE-RSA-AES256-GCM-SHA384 "GET /wp-content/uploads/2018/08/512x512-e1535215785451.png HTTP/1.1" 88472
[10/Sep/2018:14:49:33 +0200] ::1 TLSv1.2 ECDHE-RSA-AES256-GCM-SHA384 "GET /wp-content/uploads/2018/08/512x512-e1535215785451.png HTTP/1.1" 88472
[10/Sep/2018:14:49:35 +0200] 127.0.0.1 TLSv1.2 ECDHE-RSA-AES256-GCM-SHA384 "POST /wp-cron.php?doing_wp_cron=1536583775.1267590522766113281250 HTTP/1.1" 88472
[10/Sep/2018:14:49:40 +0200] ::1 TLSv1.2 ECDHE-RSA-AES256-GCM-SHA384 "GET /wp-content/uploads/2018/08/512x512-e1535215785451.png HTTP/1.1" 88472
[10/Sep/2018:14:49:46 +0200] ::1 TLSv1.2 ECDHE-RSA-AES256-GCM-SHA384 "GET /wp-content/uploads/2018/08/512x512-e1535215785451.png HTTP/1.1" 88472
[10/Sep/2018:14:51:15 +0200] ::1 TLSv1.2 ECDHE-RSA-AES256-GCM-SHA384 "GET /wp-content/uploads/2018/08/512x512-e1535215785451.png HTTP/1.1" 88472
[10/Sep/2018:14:51:16 +0200] 127.0.0.1 TLSv1.2 ECDHE-RSA-AES256-GCM-SHA384 "POST /wp-cron.php?doing_wp_cron=1536583876.8516380786895751953125 HTTP/1.1" 88472
[10/Sep/2018:14:51:19 +0200] ::1 TLSv1.2 ECDHE-RSA-AES256-GCM-SHA384 "GET /wp-content/uploads/2018/08/512x512-e1535215785451.png HTTP/1.1" 88472
[10/Sep/2018:14:58:25 +0200] ::1 TLSv1.2 ECDHE-RSA-AES256-GCM-SHA384 "GET /wp-content/uploads/2018/08/512x512-e1535215785451.png HTTP/1.1" 88472
[10/Sep/2018:14:58:27 +0200] 127.0.0.1 TLSv1.2 ECDHE-RSA-AES256-GCM-SHA384 "POST /wp-cron.php?doing_wp_cron=1536584307.2787499427795410156250 HTTP/1.1" 88472
[10/Sep/2018:14:58:28 +0200] ::1 TLSv1.2 ECDHE-RSA-AES256-GCM-SHA384 "GET /wp-content/uploads/2018/08/512x512-e1535215785451.png HTTP/1.1" 88472
[10/Sep/2018:14:58:38 +0200] ::1 TLSv1.2 ECDHE-RSA-AES256-GCM-SHA384 "GET /wp-content/uploads/2018/08/512x512-e1535215785451.png HTTP/1.1" 88472
[10/Sep/2018:15:34:17 +0200] ::1 TLSv1.2 ECDHE-RSA-AES256-GCM-SHA384 "GET /wp-content/uploads/2018/08/512x512-e1535215785451.png HTTP/1.1" 88472
[10/Sep/2018:15:34:20 +0200] 127.0.0.1 TLSv1.2 ECDHE-RSA-AES256-GCM-SHA384 "POST /wp-cron.php?doing_wp_cron=1536586460.1098680496215820312500 HTTP/1.1" 88472
[10/Sep/2018:15:34:34 +0200] ::1 TLSv1.2 ECDHE-RSA-AES256-GCM-SHA384 "GET /wp-content/uploads/2018/08/512x512-e1535215785451.png HTTP/1.1" 88472
[10/Sep/2018:15:57:21 +0200] ::1 TLSv1.2 ECDHE-RSA-AES256-GCM-SHA384 "GET /wp-content/uploads/2018/08/512x512-e1535215785451.png HTTP/1.1" 88472
[10/Sep/2018:15:57:24 +0200] 127.0.0.1 TLSv1.2 ECDHE-RSA-AES256-GCM-SHA384 "POST /wp-cron.php?doing_wp_cron=1536587844.0037860870361328125000 HTTP/1.1" 88472
[10/Sep/2018:16:13:20 +0200] ::1 TLSv1.2 ECDHE-RSA-AES256-GCM-SHA384 "GET /wp-content/uploads/2018/08/512x512-e1535215785451.png HTTP/1.1" 88472
[10/Sep/2018:16:13:22 +0200] 127.0.0.1 TLSv1.2 ECDHE-RSA-AES256-GCM-SHA384 "POST /wp-cron.php?doing_wp_cron=1536588802.4551689624786376953125 HTTP/1.1" 88472
[10/Sep/2018:16:27:27 +0200] ::1 TLSv1.2 ECDHE-RSA-AES256-GCM-SHA384 "GET /wp-content/uploads/2018/08/512x512-e1535215785451.png HTTP/1.1" 88472
[10/Sep/2018:16:27:29 +0200] 127.0.0.1 TLSv1.2 ECDHE-RSA-AES256-GCM-SHA384 "POST /wp-cron.php?doing_wp_cron=1536589649.0494880676269531250000 HTTP/1.1" 88472
[10/Sep/2018:16:37:06 +0200] ::1 TLSv1.2 ECDHE-RSA-AES256-GCM-SHA384 "GET /wp-content/uploads/2018/08/512x512-e1535215785451.png HTTP/1.1" 88472
[10/Sep/2018:16:37:07 +0200] 127.0.0.1 TLSv1.2 ECDHE-RSA-AES256-GCM-SHA384 "POST /wp-cron.php?doing_wp_cron=1536590227.5255849361419677734375 HTTP/1.1" 88472
[10/Sep/2018:16:37:19 +0200] ::1 TLSv1.2 ECDHE-RSA-AES256-GCM-SHA384 "GET /wp-content/uploads/2018/08/512x512-e1535215785451.png HTTP/1.1" 88472
[10/Sep/2018:16:38:03 +0200] ::1 TLSv1.2 ECDHE-RSA-AES256-GCM-SHA384 "GET /wp-content/uploads/2018/08/512x512-e1535215785451.png HTTP/1.1" 88472
[10/Sep/2018:16:38:07 +0200] ::1 TLSv1.2 ECDHE-RSA-AES256-GCM-SHA384 "GET /wp-content/uploads/2018/08/512x512-e1535215785451.png HTTP/1.1" 88472
[10/Sep/2018:16:38:08 +0200] 127.0.0.1 TLSv1.2 ECDHE-RSA-AES256-GCM-SHA384 "POST /wp-cron.php?doing_wp_cron=1536590288.7486479282379150390625 HTTP/1.1" 88472
[10/Sep/2018:16:38:08 +0200] ::1 TLSv1.2 ECDHE-RSA-AES256-GCM-SHA384 "GET /wp-content/uploads/2018/08/512x512-e1535215785451.png HTTP/1.1" 88472
[10/Sep/2018:16:38:27 +0200] ::1 TLSv1.2 ECDHE-RSA-AES256-GCM-SHA384 "GET /wp-content/uploads/2018/08/512x512-e1535215785451.png HTTP/1.1" 88472
[10/Sep/2018:16:41:09 +0200] ::1 TLSv1.2 ECDHE-RSA-AES256-GCM-SHA384 "GET /foursixnine/fousixninestyle?ver=4.9.8 HTTP/1.1" 4681
[10/Sep/2018:16:41:09 +0200] ::1 TLSv1.2 ECDHE-RSA-AES256-GCM-SHA384 "GET /favicon.ico HTTP/1.1" -
[10/Sep/2018:16:50:19 +0200] ::1 TLSv1.2 ECDHE-RSA-AES256-GCM-SHA384 "GET /wp-content/uploads/2018/08/512x512-e1535215785451.png HTTP/1.1" 88472
[10/Sep/2018:16:50:21 +0200] 127.0.0.1 TLSv1.2 ECDHE-RSA-AES256-GCM-SHA384 "POST /wp-cron.php?doing_wp_cron=1536591021.7429559230804443359375 HTTP/1.1" 88472
[10/Sep/2018:16:50:24 +0200] ::1 TLSv1.2 ECDHE-RSA-AES256-GCM-SHA384 "GET /wp-content/uploads/2018/08/512x512-e1535215785451.png HTTP/1.1" 88472
[10/Sep/2018:16:50:28 +0200] ::1 TLSv1.2 ECDHE-RSA-AES256-GCM-SHA384 "GET /wp-content/uploads/2018/08/512x512-e1535215785451.png HTTP/1.1" 88472
[10/Sep/2018:16:50:40 +0200] ::1 TLSv1.2 ECDHE-RSA-AES256-GCM-SHA384 "GET /wp-content/uploads/2018/08/512x512-e1535215785451.png HTTP/1.1" 88472
[10/Sep/2018:16:50:44 +0200] ::1 TLSv1.2 ECDHE-RSA-AES256-GCM-SHA384 "GET /wp-content/uploads/2018/08/512x512-e1535215785451.png HTTP/1.1" 88472
[10/Sep/2018:16:50:44 +0200] ::1 TLSv1.2 ECDHE-RSA-AES256-GCM-SHA384 "GET /wp-content/uploads/2018/08/512x512-e1535215785451.png HTTP/1.1" 88472
[10/Sep/2018:16:50:49 +0200] ::1 TLSv1.2 ECDHE-RSA-AES256-GCM-SHA384 "GET /wp-content/uploads/2018/08/512x512-e1535215785451.png HTTP/1.1" 88472
[10/Sep/2018:16:51:00 +0200] ::1 TLSv1.2 ECDHE-RSA-AES256-GCM-SHA384 "GET /wp-content/uploads/2018/08/512x512-e1535215785451.png HTTP/1.1" 88472
[10/Sep/2018:16:51:25 +0200] ::1 TLSv1.2 ECDHE-RSA-AES256-GCM-SHA384 "GET /wp-content/uploads/2018/08/512x512-e1535215785451.png HTTP/1.1" 88472
[10/Sep/2018:16:51:27 +0200] 127.0.0.1 TLSv1.2 ECDHE-RSA-AES256-GCM-SHA384 "POST /wp-cron.php?doing_wp_cron=1536591087.6927390098571777343750 HTTP/1.1" 88472
[10/Sep/2018:16:51:35 +0200] ::1 TLSv1.2 ECDHE-RSA-AES256-GCM-SHA384 "GET /wp-content/uploads/2018/08/512x512-e1535215785451.png HTTP/1.1" 88472
[10/Sep/2018:16:59:07 +0200] ::1 TLSv1.2 ECDHE-RSA-AES256-GCM-SHA384 "GET /wp-content/uploads/2018/08/512x512-e1535215785451.png HTTP/1.1" 88472
[10/Sep/2018:16:59:10 +0200] 127.0.0.1 TLSv1.2 ECDHE-RSA-AES256-GCM-SHA384 "POST /wp-cron.php?doing_wp_cron=1536591550.4814379215240478515625 HTTP/1.1" 88472
[10/Sep/2018:16:59:17 +0200] ::1 TLSv1.2 ECDHE-RSA-AES256-GCM-SHA384 "GET /wp-content/uploads/2018/08/512x512-e1535215785451.png HTTP/1.1" 88472
[10/Sep/2018:17:08:20 +0200] ::1 TLSv1.2 ECDHE-RSA-AES256-GCM-SHA384 "GET /wp-content/uploads/2018/08/512x512-e1535215785451.png HTTP/1.1" 88472
[10/Sep/2018:17:08:23 +0200] ::1 TLSv1.2 ECDHE-RSA-AES256-GCM-SHA384 "GET /wp-content/uploads/2018/08/512x512-e1535215785451.png HTTP/1.1" 88472
[10/Sep/2018:17:08:23 +0200] 127.0.0.1 TLSv1.2 ECDHE-RSA-AES256-GCM-SHA384 "POST /wp-cron.php?doing_wp_cron=1536592103.0150010585784912109375 HTTP/1.1" 88472
[10/Sep/2018:17:08:33 +0200] ::1 TLSv1.2 ECDHE-RSA-AES256-GCM-SHA384 "GET /wp-content/uploads/2018/08/512x512-e1535215785451.png HTTP/1.1" 88472
[10/Sep/2018:17:24:39 +0200] ::1 TLSv1.2 ECDHE-RSA-AES256-GCM-SHA384 "GET /wp-content/uploads/2018/08/512x512-e1535215785451.png HTTP/1.1" 88472
[10/Sep/2018:17:24:42 +0200] 127.0.0.1 TLSv1.2 ECDHE-RSA-AES256-GCM-SHA384 "POST /wp-cron.php?doing_wp_cron=1536593082.1551859378814697265625 HTTP/1.1" 88472
[10/Sep/2018:17:24:45 +0200] ::1 TLSv1.2 ECDHE-RSA-AES256-GCM-SHA384 "GET /wp-content/uploads/2018/08/512x512-e1535215785451.png HTTP/1.1" 88472
[10/Sep/2018:17:25:23 +0200] ::1 TLSv1.2 ECDHE-RSA-AES256-GCM-SHA384 "GET /wp-content/uploads/2018/08/512x512-e1535215785451.png HTTP/1.1" 88472
[10/Sep/2018:17:25:26 +0200] ::1 TLSv1.2 ECDHE-RSA-AES256-GCM-SHA384 "GET /wp-content/uploads/2018/08/512x512-e1535215785451.png HTTP/1.1" 88472
[10/Sep/2018:17:28:25 +0200] ::1 TLSv1.2 ECDHE-RSA-AES256-GCM-SHA384 "GET /wp-content/uploads/2018/08/512x512-e1535215785451.png HTTP/1.1" 88472
[10/Sep/2018:17:28:28 +0200] 127.0.0.1 TLSv1.2 ECDHE-RSA-AES256-GCM-SHA384 "POST /wp-cron.php?doing_wp_cron=1536593308.6658899784088134765625 HTTP/1.1" 88472
[10/Sep/2018:17:28:29 +0200] ::1 TLSv1.2 ECDHE-RSA-AES256-GCM-SHA384 "GET /wp-content/uploads/2018/08/512x512-e1535215785451.png HTTP/1.1" 88472
[10/Sep/2018:17:28:42 +0200] ::1 TLSv1.2 ECDHE-RSA-AES256-GCM-SHA384 "GET /wp-content/uploads/2018/08/512x512-e1535215785451.png HTTP/1.1" 88472
[10/Sep/2018:17:29:19 +0200] ::1 TLSv1.2 ECDHE-RSA-AES256-GCM-SHA384 "GET /wp-content/uploads/2018/08/512x512-e1535215785451.png HTTP/1.1" 88472
[10/Sep/2018:17:29:46 +0200] ::1 TLSv1.2 ECDHE-RSA-AES256-GCM-SHA384 "GET /wp-content/uploads/2018/08/512x512-e1535215785451.png HTTP/1.1" 88472
[10/Sep/2018:17:29:49 +0200] 127.0.0.1 TLSv1.2 ECDHE-RSA-AES256-GCM-SHA384 "POST /wp-cron.php?doing_wp_cron=1536593389.1019320487976074218750 HTTP/1.1" 88472
[10/Sep/2018:17:33:52 +0200] ::1 TLSv1.2 ECDHE-RSA-AES256-GCM-SHA384 "GET /wp-content/uploads/2018/08/512x512-e1535215785451.png HTTP/1.1" 88472
[10/Sep/2018:17:33:55 +0200] 127.0.0.1 TLSv1.2 ECDHE-RSA-AES256-GCM-SHA384 "POST /wp-cron.php?doing_wp_cron=1536593635.0405240058898925781250 HTTP/1.1" 88472
[10/Sep/2018:17:34:00 +0200] ::1 TLSv1.2 ECDHE-RSA-AES256-GCM-SHA384 "GET /wp-content/uploads/2018/08/512x512-e1535215785451.png HTTP/1.1" 88472
[10/Sep/2018:17:44:38 +0200] ::1 TLSv1.2 ECDHE-RSA-AES256-GCM-SHA384 "GET /wp-content/uploads/2018/08/512x512-e1535215785451.png HTTP/1.1" 88472
[10/Sep/2018:17:44:40 +0200] 127.0.0.1 TLSv1.2 ECDHE-RSA-AES256-GCM-SHA384 "POST /wp-cron.php?doing_wp_cron=1536594279.9708828926086425781250 HTTP/1.1" 88472
[11/Sep/2018:12:45:11 +0200] ::1 TLSv1.2 ECDHE-RSA-AES256-GCM-SHA384 "GET /wp-content/uploads/2018/08/512x512-e1535215785451.png HTTP/1.1" 88472
[11/Sep/2018:12:45:14 +0200] ::1 TLSv1.2 ECDHE-RSA-AES256-GCM-SHA384 "GET /wp-content/uploads/2018/08/512x512-e1535215785451.png HTTP/1.1" 88472
[11/Sep/2018:12:45:18 +0200] ::1 TLSv1.2 ECDHE-RSA-AES256-GCM-SHA384 "GET /wp-content/uploads/2018/08/512x512-e1535215785451.png HTTP/1.1" 88472
[11/Sep/2018:12:45:32 +0200] ::1 TLSv1.2 ECDHE-RSA-AES256-GCM-SHA384 "GET /wp-content/uploads/2018/08/512x512-e1535215785451.png HTTP/1.1" 88472
[11/Sep/2018:12:48:34 +0200] ::1 TLSv1.2 ECDHE-RSA-AES256-GCM-SHA384 "GET /wp-content/uploads/2018/08/512x512-e1535215785451.png HTTP/1.1" 88472
[11/Sep/2018:12:48:37 +0200] 127.0.0.1 TLSv1.2 ECDHE-RSA-AES256-GCM-SHA384 "POST /wp-cron.php?doing_wp_cron=1536662917.1827070713043212890625 HTTP/1.1" 88472
[11/Sep/2018:12:48:45 +0200] ::1 TLSv1.2 ECDHE-RSA-AES256-GCM-SHA384 "GET /wp-content/uploads/2018/08/512x512-e1535215785451.png HTTP/1.1" 88472
[11/Sep/2018:13:20:31 +0200] ::1 TLSv1.2 ECDHE-RSA-AES256-GCM-SHA384 "GET /wp-content/uploads/2018/08/512x512-e1535215785451.png HTTP/1.1" 88472
[11/Sep/2018:13:20:35 +0200] 127.0.0.1 TLSv1.2 ECDHE-RSA-AES256-GCM-SHA384 "POST /wp-cron.php?doing_wp_cron=1536664835.4683089256286621093750 HTTP/1.1" 88472
[11/Sep/2018:13:20:51 +0200] ::1 TLSv1.2 ECDHE-RSA-AES256-GCM-SHA384 "GET /wp-content/uploads/2018/08/512x512-e1535215785451.png HTTP/1.1" 88472
