2015-11-10 15:26:56 10fc InnoDB: Warning: Using innodb_additional_mem_pool_size is DEPRECATED. This option may be removed in future releases, together with the option innodb_use_sys_malloc and with the InnoDB's internal memory allocator.
2015-11-10 15:26:56 4348 [Note] InnoDB: Using mutexes to ref count buffer pool pages
2015-11-10 15:26:56 4348 [Note] InnoDB: The InnoDB memory heap is disabled
2015-11-10 15:26:56 4348 [Note] InnoDB: Mutexes and rw_locks use Windows interlocked functions
2015-11-10 15:26:56 4348 [Note] InnoDB: Memory barrier is not used
2015-11-10 15:26:56 4348 [Note] InnoDB: Compressed tables use zlib 1.2.3
2015-11-10 15:26:56 4348 [Note] InnoDB: Not using CPU crc32 instructions
2015-11-10 15:26:56 4348 [Note] InnoDB: Initializing buffer pool, size = 16.0M
2015-11-10 15:26:56 4348 [Note] InnoDB: Completed initialization of buffer pool
2015-11-10 15:26:56 4348 [Note] InnoDB: Highest supported file format is Barracuda.
2015-11-10 15:26:57 4348 [Note] InnoDB: 128 rollback segment(s) are active.
2015-11-10 15:26:57 4348 [Note] InnoDB: Waiting for purge to start
2015-11-10 15:26:57 4348 [Note] InnoDB:  Percona XtraDB (http://www.percona.com) 5.6.26-74.0 started; log sequence number 1835027
2015-11-10 15:26:57 6140 [Note] InnoDB: Dumping buffer pool(s) not yet started
2015-11-10 15:26:57 4348 [Note] Plugin 'FEEDBACK' is disabled.
2015-11-10 15:26:57 4348 [Note] Server socket created on IP: '::'.
2015-11-10 15:26:57 4348 [Note] Event Scheduler: Loaded 0 events
2015-11-10 15:26:57 4348 [Note] C:\xampp\mysql\bin\mysqld.exe: ready for connections.
Version: '10.1.8-MariaDB'  socket: ''  port: 3306  mariadb.org binary distribution
2015-11-10 15:27:11 5152 [Note] C:\xampp\mysql\bin\mysqld.exe: Normal shutdown

2015-11-10 15:27:11 5152 [Note] Event Scheduler: Purging the queue. 0 events
2015-11-10 15:27:11 5732 [Note] InnoDB: FTS optimize thread exiting.
2015-11-10 15:27:11 5152 [Note] InnoDB: Starting shutdown...
2015-11-10 15:27:13 5152 [Note] InnoDB: Shutdown completed; log sequence number 1835037
2015-11-10 15:27:13 5152 [Note] C:\xampp\mysql\bin\mysqld.exe: Shutdown complete

2018-08-25 16:57:19 248c InnoDB: Warning: Using innodb_additional_mem_pool_size is DEPRECATED. This option may be removed in future releases, together with the option innodb_use_sys_malloc and with the InnoDB's internal memory allocator.
2018-08-25 16:57:19 9356 [Note] InnoDB: innodb_empty_free_list_algorithm has been changed to legacy because of small buffer pool size. In order to use backoff, increase buffer pool at least up to 20MB.

2018-08-25 16:57:19 9356 [Note] InnoDB: Using mutexes to ref count buffer pool pages
2018-08-25 16:57:19 9356 [Note] InnoDB: The InnoDB memory heap is disabled
2018-08-25 16:57:19 9356 [Note] InnoDB: Mutexes and rw_locks use Windows interlocked functions
2018-08-25 16:57:19 9356 [Note] InnoDB: _mm_lfence() and _mm_sfence() are used for memory barrier
2018-08-25 16:57:19 9356 [Note] InnoDB: Compressed tables use zlib 1.2.3
2018-08-25 16:57:19 9356 [Note] InnoDB: Using generic crc32 instructions
2018-08-25 16:57:19 9356 [Note] InnoDB: Initializing buffer pool, size = 16.0M
2018-08-25 16:57:19 9356 [Note] InnoDB: Completed initialization of buffer pool
2018-08-25 16:57:19 9356 [Note] InnoDB: Highest supported file format is Barracuda.
2018-08-25 16:57:19 9356 [Note] InnoDB: 128 rollback segment(s) are active.
2018-08-25 16:57:19 9356 [Note] InnoDB: Waiting for purge to start
2018-08-25 16:57:19 9356 [Note] InnoDB:  Percona XtraDB (http://www.percona.com) 5.6.39-83.1 started; log sequence number 1835037
2018-08-25 16:57:19 12540 [Note] InnoDB: Dumping buffer pool(s) not yet started
2018-08-25 16:57:19 9356 [Note] Plugin 'FEEDBACK' is disabled.
2018-08-25 16:57:19 9356 [Note] Server socket created on IP: '::'.
2018-08-25 16:57:19 9356 [Note] c:\apps\xampp\mysql\bin\mysqld.exe: ready for connections.
Version: '10.1.34-MariaDB'  socket: ''  port: 3306  mariadb.org binary distribution
2018-08-25 18:28:31 e98 InnoDB: Warning: Using innodb_additional_mem_pool_size is DEPRECATED. This option may be removed in future releases, together with the option innodb_use_sys_malloc and with the InnoDB's internal memory allocator.
2018-08-25 18:28:31 3736 [Note] InnoDB: innodb_empty_free_list_algorithm has been changed to legacy because of small buffer pool size. In order to use backoff, increase buffer pool at least up to 20MB.

2018-08-25 18:28:31 3736 [Note] InnoDB: Using mutexes to ref count buffer pool pages
2018-08-25 18:28:31 3736 [Note] InnoDB: The InnoDB memory heap is disabled
2018-08-25 18:28:31 3736 [Note] InnoDB: Mutexes and rw_locks use Windows interlocked functions
2018-08-25 18:28:31 3736 [Note] InnoDB: _mm_lfence() and _mm_sfence() are used for memory barrier
2018-08-25 18:28:31 3736 [Note] InnoDB: Compressed tables use zlib 1.2.3
2018-08-25 18:28:31 3736 [Note] InnoDB: Using generic crc32 instructions
2018-08-25 18:28:31 3736 [Note] InnoDB: Initializing buffer pool, size = 16.0M
2018-08-25 18:28:31 3736 [Note] InnoDB: Completed initialization of buffer pool
2018-08-25 18:28:31 3736 [Note] InnoDB: Highest supported file format is Barracuda.
2018-08-25 18:28:31 3736 [Note] InnoDB: The log sequence number 1835037 in ibdata file do not match the log sequence number 8358127 in the ib_logfiles!
2018-08-25 18:28:31 3736 [Note] InnoDB: Restoring possible half-written data pages from the doublewrite buffer...
2018-08-25 18:28:31 3736 [Note] InnoDB: 128 rollback segment(s) are active.
2018-08-25 18:28:31 3736 [Note] InnoDB: Waiting for purge to start
2018-08-25 18:28:31 3736 [Note] InnoDB:  Percona XtraDB (http://www.percona.com) 5.6.39-83.1 started; log sequence number 8358127
2018-08-25 18:28:31 7480 [Note] InnoDB: Dumping buffer pool(s) not yet started
2018-08-25 18:28:31 3736 [Note] Plugin 'FEEDBACK' is disabled.
2018-08-25 18:28:31 3736 [Note] Server socket created on IP: '::'.
2018-08-25 18:28:31 3736 [ERROR] mysqld.exe: Table '.\mysql\user' is marked as crashed and should be repaired
2018-08-25 18:28:31 3736 [Warning] Checking table:   '.\mysql\user'
2018-08-25 18:28:31 3736 [ERROR] mysql.user: 1 client is using or hasn't closed the table properly
2018-08-25 18:28:31 3736 [ERROR] mysqld.exe: Table '.\mysql\db' is marked as crashed and should be repaired
2018-08-25 18:28:31 3736 [Warning] Checking table:   '.\mysql\db'
2018-08-25 18:28:31 3736 [ERROR] mysql.db: 1 client is using or hasn't closed the table properly
2018-08-25 18:28:31 3736 [Note] c:\apps\xampp\mysql\bin\mysqld.exe: ready for connections.
Version: '10.1.34-MariaDB'  socket: ''  port: 3306  mariadb.org binary distribution
2018-08-25 19:08:01 3a30 InnoDB: Warning: Using innodb_additional_mem_pool_size is DEPRECATED. This option may be removed in future releases, together with the option innodb_use_sys_malloc and with the InnoDB's internal memory allocator.
2018-08-25 19:08:01 14896 [Note] InnoDB: innodb_empty_free_list_algorithm has been changed to legacy because of small buffer pool size. In order to use backoff, increase buffer pool at least up to 20MB.

2018-08-25 19:08:01 14896 [Note] InnoDB: Using mutexes to ref count buffer pool pages
2018-08-25 19:08:01 14896 [Note] InnoDB: The InnoDB memory heap is disabled
2018-08-25 19:08:01 14896 [Note] InnoDB: Mutexes and rw_locks use Windows interlocked functions
2018-08-25 19:08:01 14896 [Note] InnoDB: _mm_lfence() and _mm_sfence() are used for memory barrier
2018-08-25 19:08:01 14896 [Note] InnoDB: Compressed tables use zlib 1.2.3
2018-08-25 19:08:01 14896 [Note] InnoDB: Using generic crc32 instructions
2018-08-25 19:08:01 14896 [Note] InnoDB: Initializing buffer pool, size = 16.0M
2018-08-25 19:08:01 14896 [Note] InnoDB: Completed initialization of buffer pool
2018-08-25 19:08:01 14896 [Note] InnoDB: Highest supported file format is Barracuda.
2018-08-25 19:08:01 14896 [Note] InnoDB: The log sequence number 1835037 in ibdata file do not match the log sequence number 12238465 in the ib_logfiles!
2018-08-25 19:08:01 14896 [Note] InnoDB: Restoring possible half-written data pages from the doublewrite buffer...
2018-08-25 19:08:01 14896 [Note] InnoDB: 128 rollback segment(s) are active.
2018-08-25 19:08:01 14896 [Note] InnoDB: Waiting for purge to start
2018-08-25 19:08:01 14896 [Note] InnoDB:  Percona XtraDB (http://www.percona.com) 5.6.39-83.1 started; log sequence number 12238465
2018-08-25 19:08:01 17492 [Note] InnoDB: Dumping buffer pool(s) not yet started
2018-08-25 19:08:01 14896 [Note] Plugin 'FEEDBACK' is disabled.
2018-08-25 19:08:01 14896 [Note] Server socket created on IP: '::'.
2018-08-25 19:08:01 14896 [Note] c:\apps\xampp\mysql\bin\mysqld.exe: ready for connections.
Version: '10.1.34-MariaDB'  socket: ''  port: 3306  mariadb.org binary distribution
2018-08-26 14:53:30 4378 InnoDB: Warning: Using innodb_additional_mem_pool_size is DEPRECATED. This option may be removed in future releases, together with the option innodb_use_sys_malloc and with the InnoDB's internal memory allocator.
2018-08-26 14:53:30 17272 [Note] InnoDB: innodb_empty_free_list_algorithm has been changed to legacy because of small buffer pool size. In order to use backoff, increase buffer pool at least up to 20MB.

2018-08-26 14:53:30 17272 [Note] InnoDB: Using mutexes to ref count buffer pool pages
2018-08-26 14:53:30 17272 [Note] InnoDB: The InnoDB memory heap is disabled
2018-08-26 14:53:30 17272 [Note] InnoDB: Mutexes and rw_locks use Windows interlocked functions
2018-08-26 14:53:30 17272 [Note] InnoDB: _mm_lfence() and _mm_sfence() are used for memory barrier
2018-08-26 14:53:30 17272 [Note] InnoDB: Compressed tables use zlib 1.2.3
2018-08-26 14:53:30 17272 [Note] InnoDB: Using generic crc32 instructions
2018-08-26 14:53:30 17272 [Note] InnoDB: Initializing buffer pool, size = 16.0M
2018-08-26 14:53:30 17272 [Note] InnoDB: Completed initialization of buffer pool
2018-08-26 14:53:30 17272 [Note] InnoDB: Highest supported file format is Barracuda.
2018-08-26 14:53:30 17272 [Note] InnoDB: The log sequence number 1835037 in ibdata file do not match the log sequence number 15253905 in the ib_logfiles!
2018-08-26 14:53:30 17272 [Note] InnoDB: Restoring possible half-written data pages from the doublewrite buffer...
2018-08-26 14:53:31 17272 [Note] InnoDB: 128 rollback segment(s) are active.
2018-08-26 14:53:31 17272 [Note] InnoDB: Waiting for purge to start
2018-08-26 14:53:31 17272 [Note] InnoDB:  Percona XtraDB (http://www.percona.com) 5.6.39-83.1 started; log sequence number 15253905
2018-08-26 14:53:31 2692 [Note] InnoDB: Dumping buffer pool(s) not yet started
2018-08-26 14:53:31 17272 [Note] Plugin 'FEEDBACK' is disabled.
2018-08-26 14:53:31 17272 [Note] Server socket created on IP: '::'.
2018-08-26 14:53:31 17272 [Note] c:\apps\xampp\mysql\bin\mysqld.exe: ready for connections.
Version: '10.1.34-MariaDB'  socket: ''  port: 3306  mariadb.org binary distribution
2018-08-26 21:03:41 3b54 InnoDB: Warning: Using innodb_additional_mem_pool_size is DEPRECATED. This option may be removed in future releases, together with the option innodb_use_sys_malloc and with the InnoDB's internal memory allocator.
2018-08-26 21:03:41 15188 [Note] InnoDB: innodb_empty_free_list_algorithm has been changed to legacy because of small buffer pool size. In order to use backoff, increase buffer pool at least up to 20MB.

2018-08-26 21:03:41 15188 [Note] InnoDB: Using mutexes to ref count buffer pool pages
2018-08-26 21:03:41 15188 [Note] InnoDB: The InnoDB memory heap is disabled
2018-08-26 21:03:41 15188 [Note] InnoDB: Mutexes and rw_locks use Windows interlocked functions
2018-08-26 21:03:41 15188 [Note] InnoDB: _mm_lfence() and _mm_sfence() are used for memory barrier
2018-08-26 21:03:41 15188 [Note] InnoDB: Compressed tables use zlib 1.2.3
2018-08-26 21:03:41 15188 [Note] InnoDB: Using generic crc32 instructions
2018-08-26 21:03:41 15188 [Note] InnoDB: Initializing buffer pool, size = 16.0M
2018-08-26 21:03:41 15188 [Note] InnoDB: Completed initialization of buffer pool
2018-08-26 21:03:41 15188 [Note] InnoDB: Highest supported file format is Barracuda.
2018-08-26 21:03:41 15188 [Note] InnoDB: The log sequence number 1835037 in ibdata file do not match the log sequence number 17524550 in the ib_logfiles!
2018-08-26 21:03:41 15188 [Note] InnoDB: Restoring possible half-written data pages from the doublewrite buffer...
2018-08-26 21:03:42 15188 [Note] InnoDB: 128 rollback segment(s) are active.
2018-08-26 21:03:42 15188 [Note] InnoDB: Waiting for purge to start
2018-08-26 21:03:42 15188 [Note] InnoDB:  Percona XtraDB (http://www.percona.com) 5.6.39-83.1 started; log sequence number 17524550
2018-08-26 21:03:42 17812 [Note] InnoDB: Dumping buffer pool(s) not yet started
2018-08-26 21:03:42 15188 [Note] Plugin 'FEEDBACK' is disabled.
2018-08-26 21:03:42 15188 [Note] Server socket created on IP: '::'.
2018-08-26 21:03:42 15188 [Note] c:\apps\xampp\mysql\bin\mysqld.exe: ready for connections.
Version: '10.1.34-MariaDB'  socket: ''  port: 3306  mariadb.org binary distribution
2018-08-27 21:24:23 984 InnoDB: Warning: Using innodb_additional_mem_pool_size is DEPRECATED. This option may be removed in future releases, together with the option innodb_use_sys_malloc and with the InnoDB's internal memory allocator.
2018-08-27 21:24:23 2436 [Note] InnoDB: innodb_empty_free_list_algorithm has been changed to legacy because of small buffer pool size. In order to use backoff, increase buffer pool at least up to 20MB.

2018-08-27 21:24:23 2436 [Note] InnoDB: Using mutexes to ref count buffer pool pages
2018-08-27 21:24:23 2436 [Note] InnoDB: The InnoDB memory heap is disabled
2018-08-27 21:24:23 2436 [Note] InnoDB: Mutexes and rw_locks use Windows interlocked functions
2018-08-27 21:24:23 2436 [Note] InnoDB: _mm_lfence() and _mm_sfence() are used for memory barrier
2018-08-27 21:24:23 2436 [Note] InnoDB: Compressed tables use zlib 1.2.3
2018-08-27 21:24:23 2436 [Note] InnoDB: Using generic crc32 instructions
2018-08-27 21:24:23 2436 [Note] InnoDB: Initializing buffer pool, size = 16.0M
2018-08-27 21:24:23 2436 [Note] InnoDB: Completed initialization of buffer pool
2018-08-27 21:24:23 2436 [Note] InnoDB: Highest supported file format is Barracuda.
2018-08-27 21:24:23 2436 [Note] InnoDB: The log sequence number 1835037 in ibdata file do not match the log sequence number 20283442 in the ib_logfiles!
2018-08-27 21:24:23 2436 [Note] InnoDB: Restoring possible half-written data pages from the doublewrite buffer...
2018-08-27 21:24:24 2436 [Note] InnoDB: 128 rollback segment(s) are active.
2018-08-27 21:24:24 2436 [Note] InnoDB: Waiting for purge to start
2018-08-27 21:24:24 2436 [Note] InnoDB:  Percona XtraDB (http://www.percona.com) 5.6.39-83.1 started; log sequence number 20283442
2018-08-27 21:24:24 12460 [Note] InnoDB: Dumping buffer pool(s) not yet started
2018-08-27 21:24:24 2436 [Note] Plugin 'FEEDBACK' is disabled.
2018-08-27 21:24:24 2436 [Note] Server socket created on IP: '::'.
2018-08-27 21:24:24 2436 [Note] c:\apps\xampp\mysql\bin\mysqld.exe: ready for connections.
Version: '10.1.34-MariaDB'  socket: ''  port: 3306  mariadb.org binary distribution
2018-08-29 10:15:12 1160 InnoDB: Warning: Using innodb_additional_mem_pool_size is DEPRECATED. This option may be removed in future releases, together with the option innodb_use_sys_malloc and with the InnoDB's internal memory allocator.
2018-08-29 10:15:12 4448 [Note] InnoDB: innodb_empty_free_list_algorithm has been changed to legacy because of small buffer pool size. In order to use backoff, increase buffer pool at least up to 20MB.

2018-08-29 10:15:12 4448 [Note] InnoDB: Using mutexes to ref count buffer pool pages
2018-08-29 10:15:12 4448 [Note] InnoDB: The InnoDB memory heap is disabled
2018-08-29 10:15:12 4448 [Note] InnoDB: Mutexes and rw_locks use Windows interlocked functions
2018-08-29 10:15:12 4448 [Note] InnoDB: _mm_lfence() and _mm_sfence() are used for memory barrier
2018-08-29 10:15:12 4448 [Note] InnoDB: Compressed tables use zlib 1.2.3
2018-08-29 10:15:12 4448 [Note] InnoDB: Using generic crc32 instructions
2018-08-29 10:15:12 4448 [Note] InnoDB: Initializing buffer pool, size = 16.0M
2018-08-29 10:15:12 4448 [Note] InnoDB: Completed initialization of buffer pool
2018-08-29 10:15:12 4448 [Note] InnoDB: Highest supported file format is Barracuda.
2018-08-29 10:15:12 4448 [Note] InnoDB: The log sequence number 1835037 in ibdata file do not match the log sequence number 20423508 in the ib_logfiles!
2018-08-29 10:15:12 4448 [Note] InnoDB: Restoring possible half-written data pages from the doublewrite buffer...
2018-08-29 10:15:12 4448 [Note] InnoDB: 128 rollback segment(s) are active.
2018-08-29 10:15:12 4448 [Note] InnoDB: Waiting for purge to start
2018-08-29 10:15:12 4448 [Note] InnoDB:  Percona XtraDB (http://www.percona.com) 5.6.39-83.1 started; log sequence number 20423508
2018-08-29 10:15:13 9908 [Note] InnoDB: Dumping buffer pool(s) not yet started
2018-08-29 10:15:13 4448 [Note] Plugin 'FEEDBACK' is disabled.
2018-08-29 10:15:13 4448 [Note] Server socket created on IP: '::'.
2018-08-29 10:15:13 4448 [Note] c:\apps\xampp\mysql\bin\mysqld.exe: ready for connections.
Version: '10.1.34-MariaDB'  socket: ''  port: 3306  mariadb.org binary distribution
2018-08-29 10:49:59 1424 InnoDB: Warning: Using innodb_additional_mem_pool_size is DEPRECATED. This option may be removed in future releases, together with the option innodb_use_sys_malloc and with the InnoDB's internal memory allocator.
2018-08-29 10:49:59 5156 [Note] InnoDB: innodb_empty_free_list_algorithm has been changed to legacy because of small buffer pool size. In order to use backoff, increase buffer pool at least up to 20MB.

2018-08-29 10:49:59 5156 [Note] InnoDB: Using mutexes to ref count buffer pool pages
2018-08-29 10:49:59 5156 [Note] InnoDB: The InnoDB memory heap is disabled
2018-08-29 10:49:59 5156 [Note] InnoDB: Mutexes and rw_locks use Windows interlocked functions
2018-08-29 10:49:59 5156 [Note] InnoDB: _mm_lfence() and _mm_sfence() are used for memory barrier
2018-08-29 10:49:59 5156 [Note] InnoDB: Compressed tables use zlib 1.2.3
2018-08-29 10:49:59 5156 [Note] InnoDB: Using generic crc32 instructions
2018-08-29 10:49:59 5156 [Note] InnoDB: Initializing buffer pool, size = 16.0M
2018-08-29 10:49:59 5156 [Note] InnoDB: Completed initialization of buffer pool
2018-08-29 10:49:59 5156 [Note] InnoDB: Highest supported file format is Barracuda.
2018-08-29 10:49:59 5156 [Note] InnoDB: The log sequence number 1835037 in ibdata file do not match the log sequence number 20948243 in the ib_logfiles!
2018-08-29 10:49:59 5156 [Note] InnoDB: Restoring possible half-written data pages from the doublewrite buffer...
2018-08-29 10:49:59 5156 [Note] InnoDB: 128 rollback segment(s) are active.
2018-08-29 10:49:59 5156 [Note] InnoDB: Waiting for purge to start
2018-08-29 10:49:59 5156 [Note] InnoDB:  Percona XtraDB (http://www.percona.com) 5.6.39-83.1 started; log sequence number 20948243
2018-08-29 10:49:59 15336 [Note] InnoDB: Dumping buffer pool(s) not yet started
2018-08-29 10:50:00 5156 [Note] Plugin 'FEEDBACK' is disabled.
2018-08-29 10:50:00 5156 [Note] Server socket created on IP: '::'.
2018-08-29 10:50:00 5156 [Note] c:\apps\xampp\mysql\bin\mysqld.exe: ready for connections.
Version: '10.1.34-MariaDB'  socket: ''  port: 3306  mariadb.org binary distribution
2018-08-30 09:09:45 30a4 InnoDB: Warning: Using innodb_additional_mem_pool_size is DEPRECATED. This option may be removed in future releases, together with the option innodb_use_sys_malloc and with the InnoDB's internal memory allocator.
2018-08-30  9:09:45 12452 [Note] InnoDB: innodb_empty_free_list_algorithm has been changed to legacy because of small buffer pool size. In order to use backoff, increase buffer pool at least up to 20MB.

2018-08-30  9:09:45 12452 [Note] InnoDB: Using mutexes to ref count buffer pool pages
2018-08-30  9:09:45 12452 [Note] InnoDB: The InnoDB memory heap is disabled
2018-08-30  9:09:45 12452 [Note] InnoDB: Mutexes and rw_locks use Windows interlocked functions
2018-08-30  9:09:45 12452 [Note] InnoDB: _mm_lfence() and _mm_sfence() are used for memory barrier
2018-08-30  9:09:45 12452 [Note] InnoDB: Compressed tables use zlib 1.2.3
2018-08-30  9:09:45 12452 [Note] InnoDB: Using generic crc32 instructions
2018-08-30  9:09:45 12452 [Note] InnoDB: Initializing buffer pool, size = 16.0M
2018-08-30  9:09:45 12452 [Note] InnoDB: Completed initialization of buffer pool
2018-08-30  9:09:45 12452 [Note] InnoDB: Highest supported file format is Barracuda.
2018-08-30  9:09:45 12452 [Note] InnoDB: The log sequence number 1835037 in ibdata file do not match the log sequence number 22137516 in the ib_logfiles!
2018-08-30  9:09:45 12452 [Note] InnoDB: Restoring possible half-written data pages from the doublewrite buffer...
2018-08-30  9:09:45 12452 [Note] InnoDB: 128 rollback segment(s) are active.
2018-08-30  9:09:45 12452 [Note] InnoDB: Waiting for purge to start
2018-08-30  9:09:45 12452 [Note] InnoDB:  Percona XtraDB (http://www.percona.com) 5.6.39-83.1 started; log sequence number 22137516
2018-08-30  9:09:45 12628 [Note] InnoDB: Dumping buffer pool(s) not yet started
2018-08-30  9:09:45 12452 [Note] Plugin 'FEEDBACK' is disabled.
2018-08-30  9:09:45 12452 [Note] Server socket created on IP: '::'.
2018-08-30  9:09:45 12452 [Note] c:\apps\xampp\mysql\bin\mysqld.exe: ready for connections.
Version: '10.1.34-MariaDB'  socket: ''  port: 3306  mariadb.org binary distribution
2018-08-30 10:19:08 3bc4 InnoDB: Warning: Using innodb_additional_mem_pool_size is DEPRECATED. This option may be removed in future releases, together with the option innodb_use_sys_malloc and with the InnoDB's internal memory allocator.
2018-08-30 10:19:08 15300 [Note] InnoDB: innodb_empty_free_list_algorithm has been changed to legacy because of small buffer pool size. In order to use backoff, increase buffer pool at least up to 20MB.

2018-08-30 10:19:08 15300 [Note] InnoDB: Using mutexes to ref count buffer pool pages
2018-08-30 10:19:08 15300 [Note] InnoDB: The InnoDB memory heap is disabled
2018-08-30 10:19:08 15300 [Note] InnoDB: Mutexes and rw_locks use Windows interlocked functions
2018-08-30 10:19:08 15300 [Note] InnoDB: _mm_lfence() and _mm_sfence() are used for memory barrier
2018-08-30 10:19:08 15300 [Note] InnoDB: Compressed tables use zlib 1.2.3
2018-08-30 10:19:08 15300 [Note] InnoDB: Using generic crc32 instructions
2018-08-30 10:19:08 15300 [Note] InnoDB: Initializing buffer pool, size = 16.0M
2018-08-30 10:19:08 15300 [Note] InnoDB: Completed initialization of buffer pool
2018-08-30 10:19:08 15300 [Note] InnoDB: Highest supported file format is Barracuda.
2018-08-30 10:19:08 15300 [Note] InnoDB: The log sequence number 1835037 in ibdata file do not match the log sequence number 22137526 in the ib_logfiles!
2018-08-30 10:19:08 15300 [Note] InnoDB: Restoring possible half-written data pages from the doublewrite buffer...
2018-08-30 10:19:08 15300 [Note] InnoDB: 128 rollback segment(s) are active.
2018-08-30 10:19:08 15300 [Note] InnoDB: Waiting for purge to start
2018-08-30 10:19:08 15300 [Note] InnoDB:  Percona XtraDB (http://www.percona.com) 5.6.39-83.1 started; log sequence number 22137526
2018-08-30 10:19:08 10480 [Note] InnoDB: Dumping buffer pool(s) not yet started
2018-08-30 10:19:08 15300 [Note] Plugin 'FEEDBACK' is disabled.
2018-08-30 10:19:08 15300 [Note] Server socket created on IP: '::'.
2018-08-30 10:19:08 15300 [Note] c:\apps\xampp\mysql\bin\mysqld.exe: ready for connections.
Version: '10.1.34-MariaDB'  socket: ''  port: 3306  mariadb.org binary distribution
2018-08-30 10:25:02 3138 InnoDB: Warning: Using innodb_additional_mem_pool_size is DEPRECATED. This option may be removed in future releases, together with the option innodb_use_sys_malloc and with the InnoDB's internal memory allocator.
2018-08-30 10:25:02 12600 [Note] InnoDB: innodb_empty_free_list_algorithm has been changed to legacy because of small buffer pool size. In order to use backoff, increase buffer pool at least up to 20MB.

2018-08-30 10:25:02 12600 [Note] InnoDB: Using mutexes to ref count buffer pool pages
2018-08-30 10:25:02 12600 [Note] InnoDB: The InnoDB memory heap is disabled
2018-08-30 10:25:02 12600 [Note] InnoDB: Mutexes and rw_locks use Windows interlocked functions
2018-08-30 10:25:02 12600 [Note] InnoDB: _mm_lfence() and _mm_sfence() are used for memory barrier
2018-08-30 10:25:02 12600 [Note] InnoDB: Compressed tables use zlib 1.2.3
2018-08-30 10:25:02 12600 [Note] InnoDB: Using generic crc32 instructions
2018-08-30 10:25:02 12600 [Note] InnoDB: Initializing buffer pool, size = 16.0M
2018-08-30 10:25:02 12600 [Note] InnoDB: Completed initialization of buffer pool
2018-08-30 10:25:02 12600 [Note] InnoDB: Highest supported file format is Barracuda.
2018-08-30 10:25:02 12600 [Note] InnoDB: The log sequence number 1835037 in ibdata file do not match the log sequence number 22140681 in the ib_logfiles!
2018-08-30 10:25:02 12600 [Note] InnoDB: Restoring possible half-written data pages from the doublewrite buffer...
2018-08-30 10:25:02 12600 [Note] InnoDB: 128 rollback segment(s) are active.
2018-08-30 10:25:02 12600 [Note] InnoDB: Waiting for purge to start
2018-08-30 10:25:02 12600 [Note] InnoDB:  Percona XtraDB (http://www.percona.com) 5.6.39-83.1 started; log sequence number 22140681
2018-08-30 10:25:02 13636 [Note] InnoDB: Dumping buffer pool(s) not yet started
2018-08-30 10:25:02 12600 [Note] Plugin 'FEEDBACK' is disabled.
2018-08-30 10:25:02 12600 [Note] Server socket created on IP: '::'.
2018-08-30 10:25:02 12600 [Note] c:\apps\xampp\mysql\bin\mysqld.exe: ready for connections.
Version: '10.1.34-MariaDB'  socket: ''  port: 3306  mariadb.org binary distribution
2018-08-30 10:38:18 fc8 InnoDB: Warning: Using innodb_additional_mem_pool_size is DEPRECATED. This option may be removed in future releases, together with the option innodb_use_sys_malloc and with the InnoDB's internal memory allocator.
2018-08-30 10:38:18 4040 [Note] InnoDB: innodb_empty_free_list_algorithm has been changed to legacy because of small buffer pool size. In order to use backoff, increase buffer pool at least up to 20MB.

2018-08-30 10:38:18 4040 [Note] InnoDB: Using mutexes to ref count buffer pool pages
2018-08-30 10:38:18 4040 [Note] InnoDB: The InnoDB memory heap is disabled
2018-08-30 10:38:18 4040 [Note] InnoDB: Mutexes and rw_locks use Windows interlocked functions
2018-08-30 10:38:18 4040 [Note] InnoDB: _mm_lfence() and _mm_sfence() are used for memory barrier
2018-08-30 10:38:18 4040 [Note] InnoDB: Compressed tables use zlib 1.2.3
2018-08-30 10:38:18 4040 [Note] InnoDB: Using generic crc32 instructions
2018-08-30 10:38:18 4040 [Note] InnoDB: Initializing buffer pool, size = 16.0M
2018-08-30 10:38:18 4040 [Note] InnoDB: Completed initialization of buffer pool
2018-08-30 10:38:18 4040 [Note] InnoDB: Highest supported file format is Barracuda.
2018-08-30 10:38:18 4040 [Note] InnoDB: The log sequence number 1835037 in ibdata file do not match the log sequence number 22491278 in the ib_logfiles!
2018-08-30 10:38:18 4040 [Note] InnoDB: Restoring possible half-written data pages from the doublewrite buffer...
2018-08-30 10:38:18 4040 [Note] InnoDB: 128 rollback segment(s) are active.
2018-08-30 10:38:18 4040 [Note] InnoDB: Waiting for purge to start
2018-08-30 10:38:18 4040 [Note] InnoDB:  Percona XtraDB (http://www.percona.com) 5.6.39-83.1 started; log sequence number 22491278
2018-08-30 10:38:18 9828 [Note] InnoDB: Dumping buffer pool(s) not yet started
2018-08-30 10:38:18 4040 [Note] Plugin 'FEEDBACK' is disabled.
2018-08-30 10:38:18 4040 [Note] Server socket created on IP: '::'.
2018-08-30 10:38:18 4040 [Note] c:\apps\xampp\mysql\bin\mysqld.exe: ready for connections.
Version: '10.1.34-MariaDB'  socket: ''  port: 3306  mariadb.org binary distribution
2018-08-30 11:01:35 38b0 InnoDB: Warning: Using innodb_additional_mem_pool_size is DEPRECATED. This option may be removed in future releases, together with the option innodb_use_sys_malloc and with the InnoDB's internal memory allocator.
2018-08-30 11:01:35 14512 [Note] InnoDB: innodb_empty_free_list_algorithm has been changed to legacy because of small buffer pool size. In order to use backoff, increase buffer pool at least up to 20MB.

2018-08-30 11:01:35 14512 [Note] InnoDB: Using mutexes to ref count buffer pool pages
2018-08-30 11:01:35 14512 [Note] InnoDB: The InnoDB memory heap is disabled
2018-08-30 11:01:35 14512 [Note] InnoDB: Mutexes and rw_locks use Windows interlocked functions
2018-08-30 11:01:35 14512 [Note] InnoDB: _mm_lfence() and _mm_sfence() are used for memory barrier
2018-08-30 11:01:35 14512 [Note] InnoDB: Compressed tables use zlib 1.2.3
2018-08-30 11:01:35 14512 [Note] InnoDB: Using generic crc32 instructions
2018-08-30 11:01:35 14512 [Note] InnoDB: Initializing buffer pool, size = 16.0M
2018-08-30 11:01:35 14512 [Note] InnoDB: Completed initialization of buffer pool
2018-08-30 11:01:35 14512 [Note] InnoDB: Highest supported file format is Barracuda.
2018-08-30 11:01:35 14512 [Note] InnoDB: The log sequence number 1835037 in ibdata file do not match the log sequence number 22968450 in the ib_logfiles!
2018-08-30 11:01:35 14512 [Note] InnoDB: Restoring possible half-written data pages from the doublewrite buffer...
2018-08-30 11:01:36 14512 [Note] InnoDB: 128 rollback segment(s) are active.
2018-08-30 11:01:36 14512 [Note] InnoDB: Waiting for purge to start
2018-08-30 11:01:36 14512 [Note] InnoDB:  Percona XtraDB (http://www.percona.com) 5.6.39-83.1 started; log sequence number 22968450
2018-08-30 11:01:36 14512 [Note] Plugin 'FEEDBACK' is disabled.
2018-08-30 11:01:36 14504 [Note] InnoDB: Dumping buffer pool(s) not yet started
2018-08-30 11:01:36 14512 [Note] Server socket created on IP: '::'.
2018-08-30 11:01:36 14512 [Note] c:\apps\xampp\mysql\bin\mysqld.exe: ready for connections.
Version: '10.1.34-MariaDB'  socket: ''  port: 3306  mariadb.org binary distribution
2018-08-30 11:22:28 3708 [ERROR] Incorrect definition of table mysql.column_stats: expected column 'min_value' at position 3 to have type varbinary(255), found type varchar(255).
2018-08-30 11:22:28 3708 [ERROR] Incorrect definition of table mysql.column_stats: expected column 'max_value' at position 4 to have type varbinary(255), found type varchar(255).
2018-08-30 11:22:28 3708 [ERROR] Incorrect definition of table mysql.column_stats: expected column 'min_value' at position 3 to have type varbinary(255), found type varchar(255).
2018-08-30 11:22:28 3708 [ERROR] Incorrect definition of table mysql.column_stats: expected column 'max_value' at position 4 to have type varbinary(255), found type varchar(255).
2018-08-30 11:22:28 3708 [ERROR] Incorrect definition of table mysql.column_stats: expected column 'min_value' at position 3 to have type varbinary(255), found type varchar(255).
2018-08-30 11:22:28 3708 [ERROR] Incorrect definition of table mysql.column_stats: expected column 'max_value' at position 4 to have type varbinary(255), found type varchar(255).
2018-08-30 11:22:28 3708 [ERROR] Incorrect definition of table mysql.column_stats: expected column 'min_value' at position 3 to have type varbinary(255), found type varchar(255).
2018-08-30 11:22:28 3708 [ERROR] Incorrect definition of table mysql.column_stats: expected column 'max_value' at position 4 to have type varbinary(255), found type varchar(255).
2018-08-30 11:22:28 3708 [ERROR] Incorrect definition of table mysql.column_stats: expected column 'min_value' at position 3 to have type varbinary(255), found type varchar(255).
2018-08-30 11:22:28 3708 [ERROR] Incorrect definition of table mysql.column_stats: expected column 'max_value' at position 4 to have type varbinary(255), found type varchar(255).
2018-08-30 11:22:28 3708 [ERROR] Incorrect definition of table mysql.column_stats: expected column 'min_value' at position 3 to have type varbinary(255), found type varchar(255).
2018-08-30 11:22:28 3708 [ERROR] Incorrect definition of table mysql.column_stats: expected column 'max_value' at position 4 to have type varbinary(255), found type varchar(255).
2018-08-30 11:22:28 3708 [ERROR] Incorrect definition of table mysql.column_stats: expected column 'min_value' at position 3 to have type varbinary(255), found type varchar(255).
2018-08-30 11:22:28 3708 [ERROR] Incorrect definition of table mysql.column_stats: expected column 'max_value' at position 4 to have type varbinary(255), found type varchar(255).
2018-08-30 11:22:28 3708 [ERROR] Incorrect definition of table mysql.column_stats: expected column 'min_value' at position 3 to have type varbinary(255), found type varchar(255).
2018-08-30 11:22:28 3708 [ERROR] Incorrect definition of table mysql.column_stats: expected column 'max_value' at position 4 to have type varbinary(255), found type varchar(255).
2018-08-30 11:22:28 3708 [ERROR] Incorrect definition of table mysql.column_stats: expected column 'min_value' at position 3 to have type varbinary(255), found type varchar(255).
2018-08-30 11:22:28 3708 [ERROR] Incorrect definition of table mysql.column_stats: expected column 'max_value' at position 4 to have type varbinary(255), found type varchar(255).
2018-08-30 11:22:28 3708 [ERROR] Incorrect definition of table mysql.column_stats: expected column 'min_value' at position 3 to have type varbinary(255), found type varchar(255).
2018-08-30 11:22:28 3708 [ERROR] Incorrect definition of table mysql.column_stats: expected column 'max_value' at position 4 to have type varbinary(255), found type varchar(255).
2018-08-30 11:22:28 3708 [ERROR] Incorrect definition of table mysql.column_stats: expected column 'min_value' at position 3 to have type varbinary(255), found type varchar(255).
2018-08-30 11:22:28 3708 [ERROR] Incorrect definition of table mysql.column_stats: expected column 'max_value' at position 4 to have type varbinary(255), found type varchar(255).
2018-08-30 11:22:28 3708 [ERROR] Incorrect definition of table mysql.column_stats: expected column 'min_value' at position 3 to have type varbinary(255), found type varchar(255).
2018-08-30 11:22:28 3708 [ERROR] Incorrect definition of table mysql.column_stats: expected column 'max_value' at position 4 to have type varbinary(255), found type varchar(255).
2018-08-30 11:22:28 3708 [ERROR] Incorrect definition of table mysql.column_stats: expected column 'min_value' at position 3 to have type varbinary(255), found type varchar(255).
2018-08-30 11:22:28 3708 [ERROR] Incorrect definition of table mysql.column_stats: expected column 'max_value' at position 4 to have type varbinary(255), found type varchar(255).
2018-08-30 11:22:28 3708 [ERROR] Incorrect definition of table mysql.column_stats: expected column 'min_value' at position 3 to have type varbinary(255), found type varchar(255).
2018-08-30 11:22:28 3708 [ERROR] Incorrect definition of table mysql.column_stats: expected column 'max_value' at position 4 to have type varbinary(255), found type varchar(255).
2018-08-30 11:22:28 3708 [ERROR] Incorrect definition of table mysql.column_stats: expected column 'min_value' at position 3 to have type varbinary(255), found type varchar(255).
2018-08-30 11:22:28 3708 [ERROR] Incorrect definition of table mysql.column_stats: expected column 'max_value' at position 4 to have type varbinary(255), found type varchar(255).
2018-08-30 11:22:28 3708 [ERROR] Incorrect definition of table mysql.column_stats: expected column 'min_value' at position 3 to have type varbinary(255), found type varchar(255).
2018-08-30 11:22:28 3708 [ERROR] Incorrect definition of table mysql.column_stats: expected column 'max_value' at position 4 to have type varbinary(255), found type varchar(255).
2018-08-30 11:22:28 3708 [ERROR] Incorrect definition of table mysql.column_stats: expected column 'min_value' at position 3 to have type varbinary(255), found type varchar(255).
2018-08-30 11:22:28 3708 [ERROR] Incorrect definition of table mysql.column_stats: expected column 'max_value' at position 4 to have type varbinary(255), found type varchar(255).
2018-08-30 11:22:28 3708 [ERROR] Incorrect definition of table mysql.column_stats: expected column 'min_value' at position 3 to have type varbinary(255), found type varchar(255).
2018-08-30 11:22:28 3708 [ERROR] Incorrect definition of table mysql.column_stats: expected column 'max_value' at position 4 to have type varbinary(255), found type varchar(255).
2018-08-30 11:22:28 3708 [ERROR] Incorrect definition of table mysql.column_stats: expected column 'min_value' at position 3 to have type varbinary(255), found type varchar(255).
2018-08-30 11:22:28 3708 [ERROR] Incorrect definition of table mysql.column_stats: expected column 'max_value' at position 4 to have type varbinary(255), found type varchar(255).
2018-08-30 11:22:28 3708 [ERROR] Incorrect definition of table mysql.column_stats: expected column 'min_value' at position 3 to have type varbinary(255), found type varchar(255).
2018-08-30 11:22:28 3708 [ERROR] Incorrect definition of table mysql.column_stats: expected column 'max_value' at position 4 to have type varbinary(255), found type varchar(255).
2018-08-30 11:22:28 3708 [ERROR] Incorrect definition of table mysql.column_stats: expected column 'min_value' at position 3 to have type varbinary(255), found type varchar(255).
2018-08-30 11:22:28 3708 [ERROR] Incorrect definition of table mysql.column_stats: expected column 'max_value' at position 4 to have type varbinary(255), found type varchar(255).
2018-08-30 11:22:28 3708 [ERROR] Incorrect definition of table mysql.column_stats: expected column 'min_value' at position 3 to have type varbinary(255), found type varchar(255).
2018-08-30 11:22:28 3708 [ERROR] Incorrect definition of table mysql.column_stats: expected column 'max_value' at position 4 to have type varbinary(255), found type varchar(255).
2018-08-30 11:22:28 3708 [ERROR] Incorrect definition of table mysql.column_stats: expected column 'min_value' at position 3 to have type varbinary(255), found type varchar(255).
2018-08-30 11:22:28 3708 [ERROR] Incorrect definition of table mysql.column_stats: expected column 'max_value' at position 4 to have type varbinary(255), found type varchar(255).
2018-08-30 11:22:28 3708 [ERROR] Incorrect definition of table mysql.column_stats: expected column 'min_value' at position 3 to have type varbinary(255), found type varchar(255).
2018-08-30 11:22:28 3708 [ERROR] Incorrect definition of table mysql.column_stats: expected column 'max_value' at position 4 to have type varbinary(255), found type varchar(255).
2018-08-30 11:22:28 3708 [ERROR] Incorrect definition of table mysql.column_stats: expected column 'min_value' at position 3 to have type varbinary(255), found type varchar(255).
2018-08-30 11:22:28 3708 [ERROR] Incorrect definition of table mysql.column_stats: expected column 'max_value' at position 4 to have type varbinary(255), found type varchar(255).
2018-08-30 11:22:28 3708 [ERROR] Incorrect definition of table mysql.column_stats: expected column 'min_value' at position 3 to have type varbinary(255), found type varchar(255).
2018-08-30 11:22:28 3708 [ERROR] Incorrect definition of table mysql.column_stats: expected column 'max_value' at position 4 to have type varbinary(255), found type varchar(255).
2018-08-30 11:22:28 3708 [ERROR] Incorrect definition of table mysql.column_stats: expected column 'min_value' at position 3 to have type varbinary(255), found type varchar(255).
2018-08-30 11:22:28 3708 [ERROR] Incorrect definition of table mysql.column_stats: expected column 'max_value' at position 4 to have type varbinary(255), found type varchar(255).
2018-08-30 11:22:28 3708 [ERROR] Incorrect definition of table mysql.column_stats: expected column 'min_value' at position 3 to have type varbinary(255), found type varchar(255).
2018-08-30 11:22:28 3708 [ERROR] Incorrect definition of table mysql.column_stats: expected column 'max_value' at position 4 to have type varbinary(255), found type varchar(255).
2018-08-30 11:22:28 3708 [ERROR] Incorrect definition of table mysql.column_stats: expected column 'min_value' at position 3 to have type varbinary(255), found type varchar(255).
2018-08-30 11:22:28 3708 [ERROR] Incorrect definition of table mysql.column_stats: expected column 'max_value' at position 4 to have type varbinary(255), found type varchar(255).
2018-08-30 11:22:28 3708 [ERROR] Incorrect definition of table mysql.column_stats: expected column 'min_value' at position 3 to have type varbinary(255), found type varchar(255).
2018-08-30 11:22:28 3708 [ERROR] Incorrect definition of table mysql.column_stats: expected column 'max_value' at position 4 to have type varbinary(255), found type varchar(255).
2018-08-30 11:22:28 3708 [ERROR] Incorrect definition of table mysql.column_stats: expected column 'min_value' at position 3 to have type varbinary(255), found type varchar(255).
2018-08-30 11:22:28 3708 [ERROR] Incorrect definition of table mysql.column_stats: expected column 'max_value' at position 4 to have type varbinary(255), found type varchar(255).
2018-08-30 11:22:28 3708 [ERROR] Incorrect definition of table mysql.column_stats: expected column 'min_value' at position 3 to have type varbinary(255), found type varchar(255).
2018-08-30 11:22:28 3708 [ERROR] Incorrect definition of table mysql.column_stats: expected column 'max_value' at position 4 to have type varbinary(255), found type varchar(255).
2018-08-30 11:22:28 3708 [ERROR] Incorrect definition of table mysql.column_stats: expected column 'min_value' at position 3 to have type varbinary(255), found type varchar(255).
2018-08-30 11:22:28 3708 [ERROR] Incorrect definition of table mysql.column_stats: expected column 'max_value' at position 4 to have type varbinary(255), found type varchar(255).
2018-08-30 13:00:15 30f8 InnoDB: Warning: Using innodb_additional_mem_pool_size is DEPRECATED. This option may be removed in future releases, together with the option innodb_use_sys_malloc and with the InnoDB's internal memory allocator.
2018-08-30 13:00:15 12536 [Note] InnoDB: innodb_empty_free_list_algorithm has been changed to legacy because of small buffer pool size. In order to use backoff, increase buffer pool at least up to 20MB.

2018-08-30 13:00:15 12536 [Note] InnoDB: Using mutexes to ref count buffer pool pages
2018-08-30 13:00:15 12536 [Note] InnoDB: The InnoDB memory heap is disabled
2018-08-30 13:00:15 12536 [Note] InnoDB: Mutexes and rw_locks use Windows interlocked functions
2018-08-30 13:00:15 12536 [Note] InnoDB: _mm_lfence() and _mm_sfence() are used for memory barrier
2018-08-30 13:00:15 12536 [Note] InnoDB: Compressed tables use zlib 1.2.3
2018-08-30 13:00:15 12536 [Note] InnoDB: Using generic crc32 instructions
2018-08-30 13:00:15 12536 [Note] InnoDB: Initializing buffer pool, size = 16.0M
2018-08-30 13:00:15 12536 [Note] InnoDB: Completed initialization of buffer pool
2018-08-30 13:00:15 12536 [Note] InnoDB: Highest supported file format is Barracuda.
2018-08-30 13:00:15 12536 [Note] InnoDB: The log sequence number 1835037 in ibdata file do not match the log sequence number 24865388 in the ib_logfiles!
2018-08-30 13:00:16 12536 [Note] InnoDB: Restoring possible half-written data pages from the doublewrite buffer...
2018-08-30 13:00:16 12536 [Note] InnoDB: 128 rollback segment(s) are active.
2018-08-30 13:00:16 12536 [Note] InnoDB: Waiting for purge to start
2018-08-30 13:00:16 12536 [Note] InnoDB:  Percona XtraDB (http://www.percona.com) 5.6.39-83.1 started; log sequence number 24865388
2018-08-30 13:00:16 12636 [Note] InnoDB: Dumping buffer pool(s) not yet started
2018-08-30 13:00:16 12536 [Note] Plugin 'FEEDBACK' is disabled.
2018-08-30 13:00:16 12536 [Note] Server socket created on IP: '::'.
2018-08-30 13:00:16 12536 [Note] c:\apps\xampp\mysql\bin\mysqld.exe: ready for connections.
Version: '10.1.34-MariaDB'  socket: ''  port: 3306  mariadb.org binary distribution
2018-09-03 18:23:24 9c8 InnoDB: Warning: Using innodb_additional_mem_pool_size is DEPRECATED. This option may be removed in future releases, together with the option innodb_use_sys_malloc and with the InnoDB's internal memory allocator.
2018-09-03 18:23:24 2504 [Note] InnoDB: innodb_empty_free_list_algorithm has been changed to legacy because of small buffer pool size. In order to use backoff, increase buffer pool at least up to 20MB.

2018-09-03 18:23:24 2504 [Note] InnoDB: Using mutexes to ref count buffer pool pages
2018-09-03 18:23:24 2504 [Note] InnoDB: The InnoDB memory heap is disabled
2018-09-03 18:23:24 2504 [Note] InnoDB: Mutexes and rw_locks use Windows interlocked functions
2018-09-03 18:23:24 2504 [Note] InnoDB: _mm_lfence() and _mm_sfence() are used for memory barrier
2018-09-03 18:23:24 2504 [Note] InnoDB: Compressed tables use zlib 1.2.3
2018-09-03 18:23:24 2504 [Note] InnoDB: Using generic crc32 instructions
2018-09-03 18:23:24 2504 [Note] InnoDB: Initializing buffer pool, size = 16.0M
2018-09-03 18:23:24 2504 [Note] InnoDB: Completed initialization of buffer pool
2018-09-03 18:23:24 2504 [Note] InnoDB: Highest supported file format is Barracuda.
2018-09-03 18:23:24 2504 [Note] InnoDB: The log sequence number 1835037 in ibdata file do not match the log sequence number 33387746 in the ib_logfiles!
2018-09-03 18:23:25 2504 [Note] InnoDB: Restoring possible half-written data pages from the doublewrite buffer...
2018-09-03 18:23:25 2504 [Note] InnoDB: 128 rollback segment(s) are active.
2018-09-03 18:23:25 2504 [Note] InnoDB: Waiting for purge to start
2018-09-03 18:23:25 2504 [Note] InnoDB:  Percona XtraDB (http://www.percona.com) 5.6.39-83.1 started; log sequence number 33387746
2018-09-03 18:23:25 14824 [Note] InnoDB: Dumping buffer pool(s) not yet started
2018-09-03 18:23:25 2504 [Note] Plugin 'FEEDBACK' is disabled.
2018-09-03 18:23:25 2504 [Note] Server socket created on IP: '::'.
2018-09-03 18:23:25 2504 [Note] c:\apps\xampp\mysql\bin\mysqld.exe: ready for connections.
Version: '10.1.34-MariaDB'  socket: ''  port: 3306  mariadb.org binary distribution
2018-09-03 18:36:05 27f0 InnoDB: Warning: Using innodb_additional_mem_pool_size is DEPRECATED. This option may be removed in future releases, together with the option innodb_use_sys_malloc and with the InnoDB's internal memory allocator.
2018-09-03 18:36:05 10224 [Note] InnoDB: innodb_empty_free_list_algorithm has been changed to legacy because of small buffer pool size. In order to use backoff, increase buffer pool at least up to 20MB.

2018-09-03 18:36:05 10224 [Note] InnoDB: Using mutexes to ref count buffer pool pages
2018-09-03 18:36:05 10224 [Note] InnoDB: The InnoDB memory heap is disabled
2018-09-03 18:36:05 10224 [Note] InnoDB: Mutexes and rw_locks use Windows interlocked functions
2018-09-03 18:36:05 10224 [Note] InnoDB: _mm_lfence() and _mm_sfence() are used for memory barrier
2018-09-03 18:36:05 10224 [Note] InnoDB: Compressed tables use zlib 1.2.3
2018-09-03 18:36:05 10224 [Note] InnoDB: Using generic crc32 instructions
2018-09-03 18:36:05 10224 [Note] InnoDB: Initializing buffer pool, size = 16.0M
2018-09-03 18:36:05 10224 [Note] InnoDB: Completed initialization of buffer pool
2018-09-03 18:36:05 10224 [Note] InnoDB: Highest supported file format is Barracuda.
2018-09-03 18:36:05 10224 [Note] InnoDB: The log sequence number 1835037 in ibdata file do not match the log sequence number 33387962 in the ib_logfiles!
2018-09-03 18:36:05 10224 [Note] InnoDB: Restoring possible half-written data pages from the doublewrite buffer...
2018-09-03 18:36:06 10224 [Note] InnoDB: 128 rollback segment(s) are active.
2018-09-03 18:36:06 10224 [Note] InnoDB: Waiting for purge to start
2018-09-03 18:36:06 10224 [Note] InnoDB:  Percona XtraDB (http://www.percona.com) 5.6.39-83.1 started; log sequence number 33387962
2018-09-03 18:36:06 2580 [Note] InnoDB: Dumping buffer pool(s) not yet started
2018-09-03 18:36:06 10224 [Note] Plugin 'FEEDBACK' is disabled.
2018-09-03 18:36:06 10224 [Note] Server socket created on IP: '::'.
2018-09-03 18:36:06 10224 [Note] c:\apps\xampp\mysql\bin\mysqld.exe: ready for connections.
Version: '10.1.34-MariaDB'  socket: ''  port: 3306  mariadb.org binary distribution
2018-09-03 18:42:17 2784 InnoDB: Warning: Using innodb_additional_mem_pool_size is DEPRECATED. This option may be removed in future releases, together with the option innodb_use_sys_malloc and with the InnoDB's internal memory allocator.
2018-09-03 18:42:17 10116 [Note] InnoDB: innodb_empty_free_list_algorithm has been changed to legacy because of small buffer pool size. In order to use backoff, increase buffer pool at least up to 20MB.

2018-09-03 18:42:17 10116 [Note] InnoDB: Using mutexes to ref count buffer pool pages
2018-09-03 18:42:17 10116 [Note] InnoDB: The InnoDB memory heap is disabled
2018-09-03 18:42:17 10116 [Note] InnoDB: Mutexes and rw_locks use Windows interlocked functions
2018-09-03 18:42:17 10116 [Note] InnoDB: _mm_lfence() and _mm_sfence() are used for memory barrier
2018-09-03 18:42:17 10116 [Note] InnoDB: Compressed tables use zlib 1.2.3
2018-09-03 18:42:17 10116 [Note] InnoDB: Using generic crc32 instructions
2018-09-03 18:42:17 10116 [Note] InnoDB: Initializing buffer pool, size = 16.0M
2018-09-03 18:42:17 10116 [Note] InnoDB: Completed initialization of buffer pool
2018-09-03 18:42:17 10116 [Note] InnoDB: Highest supported file format is Barracuda.
2018-09-03 18:42:17 10116 [Note] InnoDB: Starting crash recovery from checkpoint LSN=33389857
2018-09-03 18:42:17 10116 [Note] InnoDB: Restoring possible half-written data pages from the doublewrite buffer...
2018-09-03 18:42:17 10116 [Note] InnoDB: Starting final batch to recover 14 pages from redo log
2018-09-03 18:42:18 10116 [Note] InnoDB: 128 rollback segment(s) are active.
2018-09-03 18:42:18 10116 [Note] InnoDB: Waiting for purge to start
2018-09-03 18:42:18 10116 [Note] InnoDB:  Percona XtraDB (http://www.percona.com) 5.6.39-83.1 started; log sequence number 33529138
2018-09-03 18:42:18 11500 [Note] InnoDB: Dumping buffer pool(s) not yet started
2018-09-03 18:42:18 10116 [Note] Plugin 'FEEDBACK' is disabled.
2018-09-03 18:42:18 10116 [Note] Server socket created on IP: '::'.
2018-09-03 18:42:18 10116 [Note] c:\apps\xampp\mysql\bin\mysqld.exe: ready for connections.
Version: '10.1.34-MariaDB'  socket: ''  port: 3306  mariadb.org binary distribution
